<?xml version="1.0" encoding="utf-8"?>
<CoverageSession xmlns:xsd="http://www.w3.org/2001/XMLSchema" xmlns:xsi="http://www.w3.org/2001/XMLSchema-instance">
  <Summary numSequencePoints="733" visitedSequencePoints="581" numBranchPoints="131" visitedBranchPoints="69" sequenceCoverage="79.26" branchCoverage="52.67" maxCyclomaticComplexity="7" minCyclomaticComplexity="1" visitedClasses="6" numClasses="8" visitedMethods="39" numMethods="79" />
  <Modules>
    <Module skippedDueTo="Filter" hash="A9-B7-52-6F-5C-67-7B-AC-6E-05-24-A7-43-7E-31-D7-71-87-5E-90">
      <ModulePath>C:\WINDOWS\Microsoft.Net\assembly\GAC_32\mscorlib\v4.0_4.0.0.0__b77a5c561934e089\mscorlib.dll</ModulePath>
      <ModuleTime>2017-09-20T15:10:46.8249007Z</ModuleTime>
      <ModuleName>mscorlib</ModuleName>
      <Classes />
    </Module>
    <Module hash="D9-D6-4C-D3-7F-9E-99-A7-6C-15-D4-2C-A8-B4-51-B6-70-5B-E3-B1">
      <Summary numSequencePoints="733" visitedSequencePoints="581" numBranchPoints="131" visitedBranchPoints="69" sequenceCoverage="79.26" branchCoverage="52.67" maxCyclomaticComplexity="7" minCyclomaticComplexity="1" visitedClasses="6" numClasses="8" visitedMethods="39" numMethods="79" />
      <ModulePath>C:\Users\Administrador.000\Documents\GitHub\alquilerbicicletas\bin\Debug\fmrent.exe</ModulePath>
      <ModuleTime>2018-01-22T15:30:26.462716Z</ModuleTime>
      <ModuleName>fmrent</ModuleName>
      <Files>
        <File uid="1" fullPath="C:\Users\Administrador.000\Documents\GitHub\alquilerbicicletas\presentacion\fmRentBike.Designer.cs" />
        <File uid="2" fullPath="C:\Users\Administrador.000\Documents\GitHub\alquilerbicicletas\presentacion\fmRentBike.cs" />
        <File uid="3" fullPath="C:\Users\Administrador.000\Documents\GitHub\alquilerbicicletas\negocio\Bike.cs" />
        <File uid="4" fullPath="C:\Users\Administrador.000\Documents\GitHub\alquilerbicicletas\Properties\Settings.Designer.cs" />
        <File uid="5" fullPath="C:\Users\Administrador.000\Documents\GitHub\alquilerbicicletas\Properties\Resources.Designer.cs" />
        <File uid="6" fullPath="C:\Users\Administrador.000\Documents\GitHub\alquilerbicicletas\negocio\PuestoBike.cs" />
        <File uid="7" fullPath="C:\Users\Administrador.000\Documents\GitHub\alquilerbicicletas\negocio\Alquiler.cs" />
        <File uid="8" fullPath="C:\Users\Administrador.000\Documents\GitHub\alquilerbicicletas\negocio\Cliente.cs" />
        <File uid="9" fullPath="C:\Users\Administrador.000\Documents\GitHub\alquilerbicicletas\Program.cs" />
      </Files>
      <Classes>
        <Class>
          <Summary numSequencePoints="0" visitedSequencePoints="0" numBranchPoints="0" visitedBranchPoints="0" sequenceCoverage="0" branchCoverage="0" maxCyclomaticComplexity="0" minCyclomaticComplexity="0" visitedClasses="0" numClasses="0" visitedMethods="0" numMethods="0" />
          <FullName>&lt;Module&gt;</FullName>
          <Methods />
        </Class>
        <Class>
          <Summary numSequencePoints="401" visitedSequencePoints="398" numBranchPoints="12" visitedBranchPoints="11" sequenceCoverage="99.25" branchCoverage="91.67" maxCyclomaticComplexity="3" minCyclomaticComplexity="1" visitedClasses="1" numClasses="1" visitedMethods="8" numMethods="8" />
          <FullName>fmrent.fmRentBike</FullName>
          <Methods>
            <Method visited="true" cyclomaticComplexity="3" nPathComplexity="2" sequenceCoverage="57.14" branchCoverage="66.67" isConstructor="false" isStatic="false" isGetter="false" isSetter="false">
              <Summary numSequencePoints="7" visitedSequencePoints="4" numBranchPoints="3" visitedBranchPoints="2" sequenceCoverage="57.14" branchCoverage="66.67" maxCyclomaticComplexity="3" minCyclomaticComplexity="3" visitedClasses="0" numClasses="0" visitedMethods="1" numMethods="1" />
              <MetadataToken>100663297</MetadataToken>
              <Name>System.Void fmrent.fmRentBike::Dispose(System.Boolean)</Name>
              <FileRef uid="1" />
              <SequencePoints>
                <SequencePoint vc="1" uspid="1" ordinal="0" offset="0" sl="15" sc="9" el="15" ec="10" bec="0" bev="0" fileid="1" />
                <SequencePoint vc="1" uspid="2" ordinal="1" offset="1" sl="16" sc="13" el="16" ec="51" bec="2" bev="1" fileid="1" />
                <SequencePoint vc="0" uspid="3" ordinal="2" offset="20" sl="17" sc="13" el="17" ec="14" bec="0" bev="0" fileid="1" />
                <SequencePoint vc="0" uspid="4" ordinal="3" offset="21" sl="18" sc="17" el="18" ec="38" bec="0" bev="0" fileid="1" />
                <SequencePoint vc="0" uspid="5" ordinal="4" offset="33" sl="19" sc="13" el="19" ec="14" bec="0" bev="0" fileid="1" />
                <SequencePoint vc="1" uspid="6" ordinal="5" offset="34" sl="20" sc="13" el="20" ec="37" bec="0" bev="0" fileid="1" />
                <SequencePoint vc="1" uspid="7" ordinal="6" offset="42" sl="21" sc="9" el="21" ec="10" bec="0" bev="0" fileid="1" />
              </SequencePoints>
              <BranchPoints>
                <BranchPoint vc="0" uspid="10" ordinal="2" offset="18" sl="16" path="0" offsetend="20" fileid="1" />
                <BranchPoint vc="1" uspid="11" ordinal="3" offset="18" sl="16" path="1" offsetend="34" fileid="1" />
              </BranchPoints>
              <MethodPoint xsi:type="SequencePoint" vc="1" uspid="1" ordinal="0" offset="0" sl="15" sc="9" el="15" ec="10" bec="0" bev="0" fileid="1" />
            </Method>
            <Method visited="true" cyclomaticComplexity="1" nPathComplexity="0" sequenceCoverage="100" branchCoverage="100" isConstructor="false" isStatic="false" isGetter="false" isSetter="false">
              <Summary numSequencePoints="355" visitedSequencePoints="355" numBranchPoints="1" visitedBranchPoints="1" sequenceCoverage="100" branchCoverage="100" maxCyclomaticComplexity="1" minCyclomaticComplexity="1" visitedClasses="0" numClasses="0" visitedMethods="1" numMethods="1" />
              <MetadataToken>100663298</MetadataToken>
              <Name>System.Void fmrent.fmRentBike::InitializeComponent()</Name>
              <FileRef uid="1" />
              <SequencePoints>
                <SequencePoint vc="1" uspid="12" ordinal="0" offset="0" sl="30" sc="9" el="30" ec="10" bec="0" bev="0" fileid="1" />
                <SequencePoint vc="1" uspid="13" ordinal="1" offset="1" sl="31" sc="13" el="31" ec="78" bec="0" bev="0" fileid="1" />
                <SequencePoint vc="1" uspid="14" ordinal="2" offset="12" sl="32" sc="13" el="32" ec="76" bec="0" bev="0" fileid="1" />
                <SequencePoint vc="1" uspid="15" ordinal="3" offset="23" sl="33" sc="13" el="33" ec="61" bec="0" bev="0" fileid="1" />
                <SequencePoint vc="1" uspid="16" ordinal="4" offset="34" sl="34" sc="13" el="34" ec="61" bec="0" bev="0" fileid="1" />
                <SequencePoint vc="1" uspid="17" ordinal="5" offset="45" sl="35" sc="13" el="35" ec="63" bec="0" bev="0" fileid="1" />
                <SequencePoint vc="1" uspid="18" ordinal="6" offset="56" sl="36" sc="13" el="36" ec="61" bec="0" bev="0" fileid="1" />
                <SequencePoint vc="1" uspid="19" ordinal="7" offset="67" sl="37" sc="13" el="37" ec="61" bec="0" bev="0" fileid="1" />
                <SequencePoint vc="1" uspid="20" ordinal="8" offset="78" sl="38" sc="13" el="38" ec="60" bec="0" bev="0" fileid="1" />
                <SequencePoint vc="1" uspid="21" ordinal="9" offset="89" sl="39" sc="13" el="39" ec="62" bec="0" bev="0" fileid="1" />
                <SequencePoint vc="1" uspid="22" ordinal="10" offset="100" sl="40" sc="13" el="40" ec="73" bec="0" bev="0" fileid="1" />
                <SequencePoint vc="1" uspid="23" ordinal="11" offset="111" sl="41" sc="13" el="41" ec="60" bec="0" bev="0" fileid="1" />
                <SequencePoint vc="1" uspid="24" ordinal="12" offset="122" sl="42" sc="13" el="42" ec="70" bec="0" bev="0" fileid="1" />
                <SequencePoint vc="1" uspid="25" ordinal="13" offset="133" sl="43" sc="13" el="43" ec="60" bec="0" bev="0" fileid="1" />
                <SequencePoint vc="1" uspid="26" ordinal="14" offset="144" sl="44" sc="13" el="44" ec="64" bec="0" bev="0" fileid="1" />
                <SequencePoint vc="1" uspid="27" ordinal="15" offset="155" sl="45" sc="13" el="45" ec="71" bec="0" bev="0" fileid="1" />
                <SequencePoint vc="1" uspid="28" ordinal="16" offset="166" sl="46" sc="13" el="46" ec="60" bec="0" bev="0" fileid="1" />
                <SequencePoint vc="1" uspid="29" ordinal="17" offset="177" sl="47" sc="13" el="47" ec="60" bec="0" bev="0" fileid="1" />
                <SequencePoint vc="1" uspid="30" ordinal="18" offset="188" sl="48" sc="13" el="48" ec="60" bec="0" bev="0" fileid="1" />
                <SequencePoint vc="1" uspid="31" ordinal="19" offset="199" sl="49" sc="13" el="49" ec="67" bec="0" bev="0" fileid="1" />
                <SequencePoint vc="1" uspid="32" ordinal="20" offset="210" sl="50" sc="13" el="50" ec="65" bec="0" bev="0" fileid="1" />
                <SequencePoint vc="1" uspid="33" ordinal="21" offset="221" sl="51" sc="13" el="51" ec="61" bec="0" bev="0" fileid="1" />
                <SequencePoint vc="1" uspid="34" ordinal="22" offset="232" sl="52" sc="13" el="52" ec="63" bec="0" bev="0" fileid="1" />
                <SequencePoint vc="1" uspid="35" ordinal="23" offset="243" sl="53" sc="13" el="53" ec="67" bec="0" bev="0" fileid="1" />
                <SequencePoint vc="1" uspid="36" ordinal="24" offset="254" sl="54" sc="13" el="54" ec="75" bec="0" bev="0" fileid="1" />
                <SequencePoint vc="1" uspid="37" ordinal="25" offset="265" sl="55" sc="13" el="55" ec="74" bec="0" bev="0" fileid="1" />
                <SequencePoint vc="1" uspid="38" ordinal="26" offset="276" sl="56" sc="13" el="56" ec="60" bec="0" bev="0" fileid="1" />
                <SequencePoint vc="1" uspid="39" ordinal="27" offset="287" sl="57" sc="13" el="57" ec="75" bec="0" bev="0" fileid="1" />
                <SequencePoint vc="1" uspid="40" ordinal="28" offset="298" sl="58" sc="13" el="58" ec="60" bec="0" bev="0" fileid="1" />
                <SequencePoint vc="1" uspid="41" ordinal="29" offset="309" sl="59" sc="13" el="59" ec="60" bec="0" bev="0" fileid="1" />
                <SequencePoint vc="1" uspid="42" ordinal="30" offset="320" sl="60" sc="13" el="60" ec="73" bec="0" bev="0" fileid="1" />
                <SequencePoint vc="1" uspid="43" ordinal="31" offset="331" sl="61" sc="13" el="61" ec="73" bec="0" bev="0" fileid="1" />
                <SequencePoint vc="1" uspid="44" ordinal="32" offset="342" sl="62" sc="13" el="62" ec="61" bec="0" bev="0" fileid="1" />
                <SequencePoint vc="1" uspid="45" ordinal="33" offset="353" sl="63" sc="13" el="63" ec="61" bec="0" bev="0" fileid="1" />
                <SequencePoint vc="1" uspid="46" ordinal="34" offset="364" sl="64" sc="13" el="64" ec="68" bec="0" bev="0" fileid="1" />
                <SequencePoint vc="1" uspid="47" ordinal="35" offset="375" sl="65" sc="13" el="65" ec="64" bec="0" bev="0" fileid="1" />
                <SequencePoint vc="1" uspid="48" ordinal="36" offset="386" sl="66" sc="13" el="66" ec="61" bec="0" bev="0" fileid="1" />
                <SequencePoint vc="1" uspid="49" ordinal="37" offset="397" sl="67" sc="13" el="67" ec="60" bec="0" bev="0" fileid="1" />
                <SequencePoint vc="1" uspid="50" ordinal="38" offset="408" sl="68" sc="13" el="68" ec="61" bec="0" bev="0" fileid="1" />
                <SequencePoint vc="1" uspid="51" ordinal="39" offset="419" sl="69" sc="13" el="69" ec="61" bec="0" bev="0" fileid="1" />
                <SequencePoint vc="1" uspid="52" ordinal="40" offset="430" sl="70" sc="13" el="70" ec="64" bec="0" bev="0" fileid="1" />
                <SequencePoint vc="1" uspid="53" ordinal="41" offset="441" sl="71" sc="13" el="71" ec="60" bec="0" bev="0" fileid="1" />
                <SequencePoint vc="1" uspid="54" ordinal="42" offset="452" sl="72" sc="13" el="72" ec="70" bec="0" bev="0" fileid="1" />
                <SequencePoint vc="1" uspid="55" ordinal="43" offset="463" sl="73" sc="13" el="73" ec="41" bec="0" bev="0" fileid="1" />
                <SequencePoint vc="1" uspid="56" ordinal="44" offset="475" sl="74" sc="13" el="74" ec="41" bec="0" bev="0" fileid="1" />
                <SequencePoint vc="1" uspid="57" ordinal="45" offset="487" sl="75" sc="13" el="75" ec="34" bec="0" bev="0" fileid="1" />
                <SequencePoint vc="1" uspid="58" ordinal="46" offset="494" sl="79" sc="13" el="79" ec="91" bec="0" bev="0" fileid="1" />
                <SequencePoint vc="1" uspid="59" ordinal="47" offset="507" sl="80" sc="13" el="80" ec="79" bec="0" bev="0" fileid="1" />
                <SequencePoint vc="1" uspid="60" ordinal="48" offset="531" sl="81" sc="13" el="81" ec="59" bec="0" bev="0" fileid="1" />
                <SequencePoint vc="1" uspid="61" ordinal="49" offset="548" sl="82" sc="13" el="82" ec="73" bec="0" bev="0" fileid="1" />
                <SequencePoint vc="1" uspid="62" ordinal="50" offset="569" sl="83" sc="13" el="83" ec="48" bec="0" bev="0" fileid="1" />
                <SequencePoint vc="1" uspid="63" ordinal="51" offset="583" sl="87" sc="13" el="87" ec="89" bec="0" bev="0" fileid="1" />
                <SequencePoint vc="1" uspid="64" ordinal="52" offset="596" sl="88" sc="13" el="88" ec="77" bec="0" bev="0" fileid="1" />
                <SequencePoint vc="1" uspid="65" ordinal="53" offset="620" sl="89" sc="13" el="89" ec="55" bec="0" bev="0" fileid="1" />
                <SequencePoint vc="1" uspid="66" ordinal="54" offset="637" sl="90" sc="13" el="90" ec="71" bec="0" bev="0" fileid="1" />
                <SequencePoint vc="1" uspid="67" ordinal="55" offset="658" sl="91" sc="13" el="91" ec="46" bec="0" bev="0" fileid="1" />
                <SequencePoint vc="1" uspid="68" ordinal="56" offset="672" sl="95" sc="13" el="95" ec="42" bec="0" bev="0" fileid="1" />
                <SequencePoint vc="1" uspid="69" ordinal="57" offset="685" sl="96" sc="13" el="96" ec="170" bec="0" bev="0" fileid="1" />
                <SequencePoint vc="1" uspid="70" ordinal="58" offset="715" sl="97" sc="13" el="97" ec="70" bec="0" bev="0" fileid="1" />
                <SequencePoint vc="1" uspid="71" ordinal="59" offset="739" sl="98" sc="13" el="98" ec="43" bec="0" bev="0" fileid="1" />
                <SequencePoint vc="1" uspid="72" ordinal="60" offset="756" sl="99" sc="13" el="99" ec="66" bec="0" bev="0" fileid="1" />
                <SequencePoint vc="1" uspid="73" ordinal="61" offset="777" sl="100" sc="13" el="100" ec="40" bec="0" bev="0" fileid="1" />
                <SequencePoint vc="1" uspid="74" ordinal="62" offset="791" sl="101" sc="13" el="101" ec="51" bec="0" bev="0" fileid="1" />
                <SequencePoint vc="1" uspid="75" ordinal="63" offset="808" sl="105" sc="13" el="105" ec="42" bec="0" bev="0" fileid="1" />
                <SequencePoint vc="1" uspid="76" ordinal="64" offset="821" sl="106" sc="13" el="106" ec="170" bec="0" bev="0" fileid="1" />
                <SequencePoint vc="1" uspid="77" ordinal="65" offset="851" sl="107" sc="13" el="107" ec="71" bec="0" bev="0" fileid="1" />
                <SequencePoint vc="1" uspid="78" ordinal="66" offset="875" sl="108" sc="13" el="108" ec="43" bec="0" bev="0" fileid="1" />
                <SequencePoint vc="1" uspid="79" ordinal="67" offset="892" sl="109" sc="13" el="109" ec="65" bec="0" bev="0" fileid="1" />
                <SequencePoint vc="1" uspid="80" ordinal="68" offset="913" sl="110" sc="13" el="110" ec="40" bec="0" bev="0" fileid="1" />
                <SequencePoint vc="1" uspid="81" ordinal="69" offset="927" sl="111" sc="13" el="111" ec="49" bec="0" bev="0" fileid="1" />
                <SequencePoint vc="1" uspid="82" ordinal="70" offset="944" sl="115" sc="13" el="115" ec="44" bec="0" bev="0" fileid="1" />
                <SequencePoint vc="1" uspid="83" ordinal="71" offset="957" sl="116" sc="13" el="116" ec="72" bec="0" bev="0" fileid="1" />
                <SequencePoint vc="1" uspid="84" ordinal="72" offset="978" sl="117" sc="13" el="117" ec="47" bec="0" bev="0" fileid="1" />
                <SequencePoint vc="1" uspid="85" ordinal="73" offset="995" sl="118" sc="13" el="118" ec="66" bec="0" bev="0" fileid="1" />
                <SequencePoint vc="1" uspid="86" ordinal="74" offset="1015" sl="119" sc="13" el="119" ec="42" bec="0" bev="0" fileid="1" />
                <SequencePoint vc="1" uspid="87" ordinal="75" offset="1029" sl="123" sc="13" el="123" ec="42" bec="0" bev="0" fileid="1" />
                <SequencePoint vc="1" uspid="88" ordinal="76" offset="1042" sl="124" sc="13" el="124" ec="170" bec="0" bev="0" fileid="1" />
                <SequencePoint vc="1" uspid="89" ordinal="77" offset="1072" sl="125" sc="13" el="125" ec="70" bec="0" bev="0" fileid="1" />
                <SequencePoint vc="1" uspid="90" ordinal="78" offset="1093" sl="126" sc="13" el="126" ec="43" bec="0" bev="0" fileid="1" />
                <SequencePoint vc="1" uspid="91" ordinal="79" offset="1110" sl="127" sc="13" el="127" ec="65" bec="0" bev="0" fileid="1" />
                <SequencePoint vc="1" uspid="92" ordinal="80" offset="1131" sl="128" sc="13" el="128" ec="40" bec="0" bev="0" fileid="1" />
                <SequencePoint vc="1" uspid="93" ordinal="81" offset="1145" sl="129" sc="13" el="129" ec="43" bec="0" bev="0" fileid="1" />
                <SequencePoint vc="1" uspid="94" ordinal="82" offset="1162" sl="133" sc="13" el="133" ec="42" bec="0" bev="0" fileid="1" />
                <SequencePoint vc="1" uspid="95" ordinal="83" offset="1175" sl="134" sc="13" el="134" ec="161" bec="0" bev="0" fileid="1" />
                <SequencePoint vc="1" uspid="96" ordinal="84" offset="1205" sl="135" sc="13" el="135" ec="70" bec="0" bev="0" fileid="1" />
                <SequencePoint vc="1" uspid="97" ordinal="85" offset="1228" sl="136" sc="13" el="136" ec="43" bec="0" bev="0" fileid="1" />
                <SequencePoint vc="1" uspid="98" ordinal="86" offset="1245" sl="137" sc="13" el="137" ec="66" bec="0" bev="0" fileid="1" />
                <SequencePoint vc="1" uspid="99" ordinal="87" offset="1269" sl="138" sc="13" el="138" ec="40" bec="0" bev="0" fileid="1" />
                <SequencePoint vc="1" uspid="100" ordinal="88" offset="1283" sl="139" sc="13" el="139" ec="46" bec="0" bev="0" fileid="1" />
                <SequencePoint vc="1" uspid="101" ordinal="89" offset="1300" sl="143" sc="13" el="143" ec="41" bec="0" bev="0" fileid="1" />
                <SequencePoint vc="1" uspid="102" ordinal="90" offset="1313" sl="144" sc="13" el="144" ec="160" bec="0" bev="0" fileid="1" />
                <SequencePoint vc="1" uspid="103" ordinal="91" offset="1343" sl="145" sc="13" el="145" ec="68" bec="0" bev="0" fileid="1" />
                <SequencePoint vc="1" uspid="104" ordinal="92" offset="1364" sl="146" sc="13" el="146" ec="41" bec="0" bev="0" fileid="1" />
                <SequencePoint vc="1" uspid="105" ordinal="93" offset="1381" sl="147" sc="13" el="147" ec="65" bec="0" bev="0" fileid="1" />
                <SequencePoint vc="1" uspid="106" ordinal="94" offset="1402" sl="148" sc="13" el="148" ec="39" bec="0" bev="0" fileid="1" />
                <SequencePoint vc="1" uspid="107" ordinal="95" offset="1416" sl="149" sc="13" el="149" ec="43" bec="0" bev="0" fileid="1" />
                <SequencePoint vc="1" uspid="108" ordinal="96" offset="1433" sl="153" sc="13" el="153" ec="70" bec="0" bev="0" fileid="1" />
                <SequencePoint vc="1" uspid="109" ordinal="97" offset="1454" sl="154" sc="13" el="154" ec="43" bec="0" bev="0" fileid="1" />
                <SequencePoint vc="1" uspid="110" ordinal="98" offset="1471" sl="155" sc="13" el="155" ec="66" bec="0" bev="0" fileid="1" />
                <SequencePoint vc="1" uspid="111" ordinal="99" offset="1495" sl="156" sc="13" el="156" ec="40" bec="0" bev="0" fileid="1" />
                <SequencePoint vc="1" uspid="112" ordinal="100" offset="1509" sl="157" sc="13" el="157" ec="54" bec="0" bev="0" fileid="1" />
                <SequencePoint vc="1" uspid="113" ordinal="101" offset="1526" sl="158" sc="13" el="158" ec="57" bec="0" bev="0" fileid="1" />
                <SequencePoint vc="1" uspid="114" ordinal="102" offset="1539" sl="159" sc="13" el="159" ec="79" bec="0" bev="0" fileid="1" />
                <SequencePoint vc="1" uspid="115" ordinal="103" offset="1563" sl="163" sc="13" el="163" ec="82" bec="0" bev="0" fileid="1" />
                <SequencePoint vc="1" uspid="116" ordinal="104" offset="1590" sl="164" sc="13" el="164" ec="63" bec="0" bev="0" fileid="1" />
                <SequencePoint vc="1" uspid="117" ordinal="105" offset="1607" sl="165" sc="13" el="165" ec="75" bec="0" bev="0" fileid="1" />
                <SequencePoint vc="1" uspid="118" ordinal="106" offset="1628" sl="166" sc="13" el="166" ec="50" bec="0" bev="0" fileid="1" />
                <SequencePoint vc="1" uspid="119" ordinal="107" offset="1642" sl="170" sc="13" el="170" ec="41" bec="0" bev="0" fileid="1" />
                <SequencePoint vc="1" uspid="120" ordinal="108" offset="1655" sl="171" sc="13" el="171" ec="169" bec="0" bev="0" fileid="1" />
                <SequencePoint vc="1" uspid="121" ordinal="109" offset="1685" sl="172" sc="13" el="172" ec="71" bec="0" bev="0" fileid="1" />
                <SequencePoint vc="1" uspid="122" ordinal="110" offset="1712" sl="173" sc="13" el="173" ec="41" bec="0" bev="0" fileid="1" />
                <SequencePoint vc="1" uspid="123" ordinal="111" offset="1729" sl="174" sc="13" el="174" ec="64" bec="0" bev="0" fileid="1" />
                <SequencePoint vc="1" uspid="124" ordinal="112" offset="1750" sl="175" sc="13" el="175" ec="39" bec="0" bev="0" fileid="1" />
                <SequencePoint vc="1" uspid="125" ordinal="113" offset="1764" sl="176" sc="13" el="176" ec="39" bec="0" bev="0" fileid="1" />
                <SequencePoint vc="1" uspid="126" ordinal="114" offset="1781" sl="180" sc="13" el="180" ec="78" bec="0" bev="0" fileid="1" />
                <SequencePoint vc="1" uspid="127" ordinal="115" offset="1805" sl="181" sc="13" el="181" ec="50" bec="0" bev="0" fileid="1" />
                <SequencePoint vc="1" uspid="128" ordinal="116" offset="1818" sl="182" sc="13" el="182" ec="57" bec="0" bev="0" fileid="1" />
                <SequencePoint vc="1" uspid="129" ordinal="117" offset="1835" sl="183" sc="13" el="183" ec="49" bec="0" bev="0" fileid="1" />
                <SequencePoint vc="1" uspid="130" ordinal="118" offset="1848" sl="184" sc="13" el="184" ec="74" bec="0" bev="0" fileid="1" />
                <SequencePoint vc="1" uspid="131" ordinal="119" offset="1875" sl="185" sc="13" el="185" ec="47" bec="0" bev="0" fileid="1" />
                <SequencePoint vc="1" uspid="132" ordinal="120" offset="1889" sl="189" sc="13" el="189" ec="41" bec="0" bev="0" fileid="1" />
                <SequencePoint vc="1" uspid="133" ordinal="121" offset="1902" sl="190" sc="13" el="190" ec="160" bec="0" bev="0" fileid="1" />
                <SequencePoint vc="1" uspid="134" ordinal="122" offset="1932" sl="191" sc="13" el="191" ec="64" bec="0" bev="0" fileid="1" />
                <SequencePoint vc="1" uspid="135" ordinal="123" offset="1949" sl="192" sc="13" el="192" ec="69" bec="0" bev="0" fileid="1" />
                <SequencePoint vc="1" uspid="136" ordinal="124" offset="1972" sl="193" sc="13" el="193" ec="41" bec="0" bev="0" fileid="1" />
                <SequencePoint vc="1" uspid="137" ordinal="125" offset="1989" sl="194" sc="13" el="194" ec="65" bec="0" bev="0" fileid="1" />
                <SequencePoint vc="1" uspid="138" ordinal="126" offset="2013" sl="195" sc="13" el="195" ec="39" bec="0" bev="0" fileid="1" />
                <SequencePoint vc="1" uspid="139" ordinal="127" offset="2027" sl="196" sc="13" el="196" ec="57" bec="0" bev="0" fileid="1" />
                <SequencePoint vc="1" uspid="140" ordinal="128" offset="2044" sl="200" sc="13" el="200" ec="73" bec="0" bev="0" fileid="1" />
                <SequencePoint vc="1" uspid="141" ordinal="129" offset="2068" sl="201" sc="13" el="201" ec="47" bec="0" bev="0" fileid="1" />
                <SequencePoint vc="1" uspid="142" ordinal="130" offset="2085" sl="202" sc="13" el="202" ec="68" bec="0" bev="0" fileid="1" />
                <SequencePoint vc="1" uspid="143" ordinal="131" offset="2109" sl="203" sc="13" el="203" ec="42" bec="0" bev="0" fileid="1" />
                <SequencePoint vc="1" uspid="144" ordinal="132" offset="2123" sl="204" sc="13" el="204" ec="46" bec="0" bev="0" fileid="1" />
                <SequencePoint vc="1" uspid="145" ordinal="133" offset="2140" sl="205" sc="13" el="205" ec="59" bec="0" bev="0" fileid="1" />
                <SequencePoint vc="1" uspid="146" ordinal="134" offset="2153" sl="206" sc="13" el="206" ec="83" bec="0" bev="0" fileid="1" />
                <SequencePoint vc="1" uspid="147" ordinal="135" offset="2177" sl="210" sc="13" el="210" ec="80" bec="0" bev="0" fileid="1" />
                <SequencePoint vc="1" uspid="148" ordinal="136" offset="2204" sl="211" sc="13" el="211" ec="59" bec="0" bev="0" fileid="1" />
                <SequencePoint vc="1" uspid="149" ordinal="137" offset="2221" sl="212" sc="13" el="212" ec="73" bec="0" bev="0" fileid="1" />
                <SequencePoint vc="1" uspid="150" ordinal="138" offset="2242" sl="213" sc="13" el="213" ec="48" bec="0" bev="0" fileid="1" />
                <SequencePoint vc="1" uspid="151" ordinal="139" offset="2256" sl="217" sc="13" el="217" ec="41" bec="0" bev="0" fileid="1" />
                <SequencePoint vc="1" uspid="152" ordinal="140" offset="2269" sl="218" sc="13" el="218" ec="169" bec="0" bev="0" fileid="1" />
                <SequencePoint vc="1" uspid="153" ordinal="141" offset="2299" sl="219" sc="13" el="219" ec="71" bec="0" bev="0" fileid="1" />
                <SequencePoint vc="1" uspid="154" ordinal="142" offset="2326" sl="220" sc="13" el="220" ec="41" bec="0" bev="0" fileid="1" />
                <SequencePoint vc="1" uspid="155" ordinal="143" offset="2343" sl="221" sc="13" el="221" ec="64" bec="0" bev="0" fileid="1" />
                <SequencePoint vc="1" uspid="156" ordinal="144" offset="2364" sl="222" sc="13" el="222" ec="39" bec="0" bev="0" fileid="1" />
                <SequencePoint vc="1" uspid="157" ordinal="145" offset="2378" sl="223" sc="13" el="223" ec="39" bec="0" bev="0" fileid="1" />
                <SequencePoint vc="1" uspid="158" ordinal="146" offset="2395" sl="227" sc="13" el="227" ec="41" bec="0" bev="0" fileid="1" />
                <SequencePoint vc="1" uspid="159" ordinal="147" offset="2408" sl="228" sc="13" el="228" ec="169" bec="0" bev="0" fileid="1" />
                <SequencePoint vc="1" uspid="160" ordinal="148" offset="2438" sl="229" sc="13" el="229" ec="69" bec="0" bev="0" fileid="1" />
                <SequencePoint vc="1" uspid="161" ordinal="149" offset="2459" sl="230" sc="13" el="230" ec="41" bec="0" bev="0" fileid="1" />
                <SequencePoint vc="1" uspid="162" ordinal="150" offset="2476" sl="231" sc="13" el="231" ec="64" bec="0" bev="0" fileid="1" />
                <SequencePoint vc="1" uspid="163" ordinal="151" offset="2497" sl="232" sc="13" el="232" ec="39" bec="0" bev="0" fileid="1" />
                <SequencePoint vc="1" uspid="164" ordinal="152" offset="2511" sl="233" sc="13" el="233" ec="47" bec="0" bev="0" fileid="1" />
                <SequencePoint vc="1" uspid="165" ordinal="153" offset="2528" sl="237" sc="13" el="237" ec="41" bec="0" bev="0" fileid="1" />
                <SequencePoint vc="1" uspid="166" ordinal="154" offset="2541" sl="238" sc="13" el="238" ec="169" bec="0" bev="0" fileid="1" />
                <SequencePoint vc="1" uspid="167" ordinal="155" offset="2571" sl="239" sc="13" el="239" ec="68" bec="0" bev="0" fileid="1" />
                <SequencePoint vc="1" uspid="168" ordinal="156" offset="2591" sl="240" sc="13" el="240" ec="41" bec="0" bev="0" fileid="1" />
                <SequencePoint vc="1" uspid="169" ordinal="157" offset="2608" sl="241" sc="13" el="241" ec="64" bec="0" bev="0" fileid="1" />
                <SequencePoint vc="1" uspid="170" ordinal="158" offset="2629" sl="242" sc="13" el="242" ec="39" bec="0" bev="0" fileid="1" />
                <SequencePoint vc="1" uspid="171" ordinal="159" offset="2643" sl="243" sc="13" el="243" ec="44" bec="0" bev="0" fileid="1" />
                <SequencePoint vc="1" uspid="172" ordinal="160" offset="2660" sl="247" sc="13" el="247" ec="75" bec="0" bev="0" fileid="1" />
                <SequencePoint vc="1" uspid="173" ordinal="161" offset="2681" sl="248" sc="13" el="248" ec="51" bec="0" bev="0" fileid="1" />
                <SequencePoint vc="1" uspid="174" ordinal="162" offset="2698" sl="249" sc="13" el="249" ec="46" bec="0" bev="0" fileid="1" />
                <SequencePoint vc="1" uspid="175" ordinal="163" offset="2711" sl="250" sc="13" el="250" ec="69" bec="0" bev="0" fileid="1" />
                <SequencePoint vc="1" uspid="176" ordinal="164" offset="2732" sl="251" sc="13" el="251" ec="44" bec="0" bev="0" fileid="1" />
                <SequencePoint vc="1" uspid="177" ordinal="165" offset="2746" sl="252" sc="13" el="252" ec="97" bec="0" bev="0" fileid="1" />
                <SequencePoint vc="1" uspid="178" ordinal="166" offset="2770" sl="256" sc="13" el="256" ec="72" bec="0" bev="0" fileid="1" />
                <SequencePoint vc="1" uspid="179" ordinal="167" offset="2790" sl="257" sc="13" el="257" ec="47" bec="0" bev="0" fileid="1" />
                <SequencePoint vc="1" uspid="180" ordinal="168" offset="2807" sl="258" sc="13" el="258" ec="44" bec="0" bev="0" fileid="1" />
                <SequencePoint vc="1" uspid="181" ordinal="169" offset="2820" sl="259" sc="13" el="259" ec="67" bec="0" bev="0" fileid="1" />
                <SequencePoint vc="1" uspid="182" ordinal="170" offset="2841" sl="260" sc="13" el="260" ec="43" bec="0" bev="0" fileid="1" />
                <SequencePoint vc="1" uspid="183" ordinal="171" offset="2855" sl="264" sc="13" el="264" ec="42" bec="0" bev="0" fileid="1" />
                <SequencePoint vc="1" uspid="184" ordinal="172" offset="2868" sl="265" sc="13" el="265" ec="170" bec="0" bev="0" fileid="1" />
                <SequencePoint vc="1" uspid="185" ordinal="173" offset="2898" sl="266" sc="13" el="266" ec="68" bec="0" bev="0" fileid="1" />
                <SequencePoint vc="1" uspid="186" ordinal="174" offset="2917" sl="267" sc="13" el="267" ec="43" bec="0" bev="0" fileid="1" />
                <SequencePoint vc="1" uspid="187" ordinal="175" offset="2934" sl="268" sc="13" el="268" ec="65" bec="0" bev="0" fileid="1" />
                <SequencePoint vc="1" uspid="188" ordinal="176" offset="2955" sl="269" sc="13" el="269" ec="41" bec="0" bev="0" fileid="1" />
                <SequencePoint vc="1" uspid="189" ordinal="177" offset="2969" sl="270" sc="13" el="270" ec="42" bec="0" bev="0" fileid="1" />
                <SequencePoint vc="1" uspid="190" ordinal="178" offset="2986" sl="274" sc="13" el="274" ec="44" bec="0" bev="0" fileid="1" />
                <SequencePoint vc="1" uspid="191" ordinal="179" offset="2999" sl="275" sc="13" el="275" ec="172" bec="0" bev="0" fileid="1" />
                <SequencePoint vc="1" uspid="192" ordinal="180" offset="3029" sl="276" sc="13" el="276" ec="72" bec="0" bev="0" fileid="1" />
                <SequencePoint vc="1" uspid="193" ordinal="181" offset="3052" sl="277" sc="13" el="277" ec="47" bec="0" bev="0" fileid="1" />
                <SequencePoint vc="1" uspid="194" ordinal="182" offset="3069" sl="278" sc="13" el="278" ec="67" bec="0" bev="0" fileid="1" />
                <SequencePoint vc="1" uspid="195" ordinal="183" offset="3090" sl="279" sc="13" el="279" ec="43" bec="0" bev="0" fileid="1" />
                <SequencePoint vc="1" uspid="196" ordinal="184" offset="3104" sl="280" sc="13" el="280" ec="44" bec="0" bev="0" fileid="1" />
                <SequencePoint vc="1" uspid="197" ordinal="185" offset="3121" sl="284" sc="13" el="284" ec="54" bec="0" bev="0" fileid="1" />
                <SequencePoint vc="1" uspid="198" ordinal="186" offset="3134" sl="285" sc="13" el="294" ec="26" bec="0" bev="0" fileid="1" />
                <SequencePoint vc="1" uspid="199" ordinal="187" offset="3232" sl="295" sc="13" el="295" ec="74" bec="0" bev="0" fileid="1" />
                <SequencePoint vc="1" uspid="200" ordinal="188" offset="3256" sl="296" sc="13" el="296" ec="49" bec="0" bev="0" fileid="1" />
                <SequencePoint vc="1" uspid="201" ordinal="189" offset="3273" sl="297" sc="13" el="297" ec="69" bec="0" bev="0" fileid="1" />
                <SequencePoint vc="1" uspid="202" ordinal="190" offset="3294" sl="298" sc="13" el="298" ec="44" bec="0" bev="0" fileid="1" />
                <SequencePoint vc="1" uspid="203" ordinal="191" offset="3308" sl="302" sc="13" el="302" ec="83" bec="0" bev="0" fileid="1" />
                <SequencePoint vc="1" uspid="204" ordinal="192" offset="3332" sl="303" sc="13" el="303" ec="67" bec="0" bev="0" fileid="1" />
                <SequencePoint vc="1" uspid="205" ordinal="193" offset="3349" sl="304" sc="13" el="304" ec="54" bec="0" bev="0" fileid="1" />
                <SequencePoint vc="1" uspid="206" ordinal="194" offset="3362" sl="305" sc="13" el="305" ec="78" bec="0" bev="0" fileid="1" />
                <SequencePoint vc="1" uspid="207" ordinal="195" offset="3386" sl="306" sc="13" el="306" ec="53" bec="0" bev="0" fileid="1" />
                <SequencePoint vc="1" uspid="208" ordinal="196" offset="3400" sl="310" sc="13" el="310" ec="81" bec="0" bev="0" fileid="1" />
                <SequencePoint vc="1" uspid="209" ordinal="197" offset="3420" sl="311" sc="13" el="311" ec="65" bec="0" bev="0" fileid="1" />
                <SequencePoint vc="1" uspid="210" ordinal="198" offset="3437" sl="312" sc="13" el="312" ec="77" bec="0" bev="0" fileid="1" />
                <SequencePoint vc="1" uspid="211" ordinal="199" offset="3461" sl="313" sc="13" el="313" ec="52" bec="0" bev="0" fileid="1" />
                <SequencePoint vc="1" uspid="212" ordinal="200" offset="3475" sl="317" sc="13" el="317" ec="41" bec="0" bev="0" fileid="1" />
                <SequencePoint vc="1" uspid="213" ordinal="201" offset="3488" sl="318" sc="13" el="318" ec="169" bec="0" bev="0" fileid="1" />
                <SequencePoint vc="1" uspid="214" ordinal="202" offset="3518" sl="319" sc="13" el="319" ec="68" bec="0" bev="0" fileid="1" />
                <SequencePoint vc="1" uspid="215" ordinal="203" offset="3538" sl="320" sc="13" el="320" ec="41" bec="0" bev="0" fileid="1" />
                <SequencePoint vc="1" uspid="216" ordinal="204" offset="3555" sl="321" sc="13" el="321" ec="64" bec="0" bev="0" fileid="1" />
                <SequencePoint vc="1" uspid="217" ordinal="205" offset="3576" sl="322" sc="13" el="322" ec="40" bec="0" bev="0" fileid="1" />
                <SequencePoint vc="1" uspid="218" ordinal="206" offset="3590" sl="323" sc="13" el="323" ec="47" bec="0" bev="0" fileid="1" />
                <SequencePoint vc="1" uspid="219" ordinal="207" offset="3607" sl="327" sc="13" el="327" ec="84" bec="0" bev="0" fileid="1" />
                <SequencePoint vc="1" uspid="220" ordinal="208" offset="3634" sl="328" sc="13" el="328" ec="67" bec="0" bev="0" fileid="1" />
                <SequencePoint vc="1" uspid="221" ordinal="209" offset="3651" sl="329" sc="13" el="329" ec="77" bec="0" bev="0" fileid="1" />
                <SequencePoint vc="1" uspid="222" ordinal="210" offset="3672" sl="330" sc="13" el="330" ec="52" bec="0" bev="0" fileid="1" />
                <SequencePoint vc="1" uspid="223" ordinal="211" offset="3686" sl="331" sc="13" el="331" ec="50" bec="0" bev="0" fileid="1" />
                <SequencePoint vc="1" uspid="224" ordinal="212" offset="3703" sl="335" sc="13" el="335" ec="41" bec="0" bev="0" fileid="1" />
                <SequencePoint vc="1" uspid="225" ordinal="213" offset="3716" sl="336" sc="13" el="336" ec="169" bec="0" bev="0" fileid="1" />
                <SequencePoint vc="1" uspid="226" ordinal="214" offset="3746" sl="337" sc="13" el="337" ec="71" bec="0" bev="0" fileid="1" />
                <SequencePoint vc="1" uspid="227" ordinal="215" offset="3773" sl="338" sc="13" el="338" ec="41" bec="0" bev="0" fileid="1" />
                <SequencePoint vc="1" uspid="228" ordinal="216" offset="3790" sl="339" sc="13" el="339" ec="64" bec="0" bev="0" fileid="1" />
                <SequencePoint vc="1" uspid="229" ordinal="217" offset="3811" sl="340" sc="13" el="340" ec="39" bec="0" bev="0" fileid="1" />
                <SequencePoint vc="1" uspid="230" ordinal="218" offset="3825" sl="341" sc="13" el="341" ec="41" bec="0" bev="0" fileid="1" />
                <SequencePoint vc="1" uspid="231" ordinal="219" offset="3842" sl="345" sc="13" el="345" ec="41" bec="0" bev="0" fileid="1" />
                <SequencePoint vc="1" uspid="232" ordinal="220" offset="3855" sl="346" sc="13" el="346" ec="169" bec="0" bev="0" fileid="1" />
                <SequencePoint vc="1" uspid="233" ordinal="221" offset="3885" sl="347" sc="13" el="347" ec="71" bec="0" bev="0" fileid="1" />
                <SequencePoint vc="1" uspid="234" ordinal="222" offset="3912" sl="348" sc="13" el="348" ec="41" bec="0" bev="0" fileid="1" />
                <SequencePoint vc="1" uspid="235" ordinal="223" offset="3929" sl="349" sc="13" el="349" ec="64" bec="0" bev="0" fileid="1" />
                <SequencePoint vc="1" uspid="236" ordinal="224" offset="3950" sl="350" sc="13" el="350" ec="39" bec="0" bev="0" fileid="1" />
                <SequencePoint vc="1" uspid="237" ordinal="225" offset="3964" sl="351" sc="13" el="351" ec="41" bec="0" bev="0" fileid="1" />
                <SequencePoint vc="1" uspid="238" ordinal="226" offset="3981" sl="355" sc="13" el="355" ec="82" bec="0" bev="0" fileid="1" />
                <SequencePoint vc="1" uspid="239" ordinal="227" offset="4008" sl="356" sc="13" el="356" ec="63" bec="0" bev="0" fileid="1" />
                <SequencePoint vc="1" uspid="240" ordinal="228" offset="4025" sl="357" sc="13" el="357" ec="75" bec="0" bev="0" fileid="1" />
                <SequencePoint vc="1" uspid="241" ordinal="229" offset="4046" sl="358" sc="13" el="358" ec="50" bec="0" bev="0" fileid="1" />
                <SequencePoint vc="1" uspid="242" ordinal="230" offset="4060" sl="359" sc="13" el="359" ec="48" bec="0" bev="0" fileid="1" />
                <SequencePoint vc="1" uspid="243" ordinal="231" offset="4077" sl="363" sc="13" el="363" ec="49" bec="0" bev="0" fileid="1" />
                <SequencePoint vc="1" uspid="244" ordinal="232" offset="4090" sl="364" sc="13" el="364" ec="54" bec="0" bev="0" fileid="1" />
                <SequencePoint vc="1" uspid="245" ordinal="233" offset="4103" sl="365" sc="13" el="373" ec="28" bec="0" bev="0" fileid="1" />
                <SequencePoint vc="1" uspid="246" ordinal="234" offset="4192" sl="374" sc="13" el="374" ec="74" bec="0" bev="0" fileid="1" />
                <SequencePoint vc="1" uspid="247" ordinal="235" offset="4216" sl="375" sc="13" el="375" ec="49" bec="0" bev="0" fileid="1" />
                <SequencePoint vc="1" uspid="248" ordinal="236" offset="4233" sl="376" sc="13" el="376" ec="69" bec="0" bev="0" fileid="1" />
                <SequencePoint vc="1" uspid="249" ordinal="237" offset="4254" sl="377" sc="13" el="377" ec="44" bec="0" bev="0" fileid="1" />
                <SequencePoint vc="1" uspid="250" ordinal="238" offset="4268" sl="381" sc="13" el="381" ec="42" bec="0" bev="0" fileid="1" />
                <SequencePoint vc="1" uspid="251" ordinal="239" offset="4281" sl="382" sc="13" el="382" ec="70" bec="0" bev="0" fileid="1" />
                <SequencePoint vc="1" uspid="252" ordinal="240" offset="4302" sl="383" sc="13" el="383" ec="43" bec="0" bev="0" fileid="1" />
                <SequencePoint vc="1" uspid="253" ordinal="241" offset="4319" sl="384" sc="13" el="384" ec="66" bec="0" bev="0" fileid="1" />
                <SequencePoint vc="1" uspid="254" ordinal="242" offset="4343" sl="385" sc="13" el="385" ec="41" bec="0" bev="0" fileid="1" />
                <SequencePoint vc="1" uspid="255" ordinal="243" offset="4357" sl="386" sc="13" el="386" ec="91" bec="0" bev="0" fileid="1" />
                <SequencePoint vc="1" uspid="256" ordinal="244" offset="4374" sl="390" sc="13" el="390" ec="42" bec="0" bev="0" fileid="1" />
                <SequencePoint vc="1" uspid="257" ordinal="245" offset="4387" sl="391" sc="13" el="391" ec="170" bec="0" bev="0" fileid="1" />
                <SequencePoint vc="1" uspid="258" ordinal="246" offset="4417" sl="392" sc="13" el="392" ec="69" bec="0" bev="0" fileid="1" />
                <SequencePoint vc="1" uspid="259" ordinal="247" offset="4438" sl="393" sc="13" el="393" ec="43" bec="0" bev="0" fileid="1" />
                <SequencePoint vc="1" uspid="260" ordinal="248" offset="4455" sl="394" sc="13" el="394" ec="65" bec="0" bev="0" fileid="1" />
                <SequencePoint vc="1" uspid="261" ordinal="249" offset="4476" sl="395" sc="13" el="395" ec="41" bec="0" bev="0" fileid="1" />
                <SequencePoint vc="1" uspid="262" ordinal="250" offset="4490" sl="396" sc="13" el="396" ec="45" bec="0" bev="0" fileid="1" />
                <SequencePoint vc="1" uspid="263" ordinal="251" offset="4507" sl="400" sc="13" el="400" ec="76" bec="0" bev="0" fileid="1" />
                <SequencePoint vc="1" uspid="264" ordinal="252" offset="4528" sl="401" sc="13" el="401" ec="53" bec="0" bev="0" fileid="1" />
                <SequencePoint vc="1" uspid="265" ordinal="253" offset="4545" sl="402" sc="13" el="402" ec="47" bec="0" bev="0" fileid="1" />
                <SequencePoint vc="1" uspid="266" ordinal="254" offset="4558" sl="403" sc="13" el="403" ec="70" bec="0" bev="0" fileid="1" />
                <SequencePoint vc="1" uspid="267" ordinal="255" offset="4579" sl="404" sc="13" el="404" ec="46" bec="0" bev="0" fileid="1" />
                <SequencePoint vc="1" uspid="268" ordinal="256" offset="4593" sl="408" sc="13" el="408" ec="73" bec="0" bev="0" fileid="1" />
                <SequencePoint vc="1" uspid="269" ordinal="257" offset="4614" sl="409" sc="13" el="409" ec="45" bec="0" bev="0" fileid="1" />
                <SequencePoint vc="1" uspid="270" ordinal="258" offset="4631" sl="410" sc="13" el="410" ec="43" bec="0" bev="0" fileid="1" />
                <SequencePoint vc="1" uspid="271" ordinal="259" offset="4644" sl="411" sc="13" el="411" ec="66" bec="0" bev="0" fileid="1" />
                <SequencePoint vc="1" uspid="272" ordinal="260" offset="4665" sl="412" sc="13" el="412" ec="42" bec="0" bev="0" fileid="1" />
                <SequencePoint vc="1" uspid="273" ordinal="261" offset="4679" sl="416" sc="13" el="416" ec="42" bec="0" bev="0" fileid="1" />
                <SequencePoint vc="1" uspid="274" ordinal="262" offset="4692" sl="417" sc="13" el="417" ec="170" bec="0" bev="0" fileid="1" />
                <SequencePoint vc="1" uspid="275" ordinal="263" offset="4722" sl="418" sc="13" el="418" ec="70" bec="0" bev="0" fileid="1" />
                <SequencePoint vc="1" uspid="276" ordinal="264" offset="4743" sl="419" sc="13" el="419" ec="43" bec="0" bev="0" fileid="1" />
                <SequencePoint vc="1" uspid="277" ordinal="265" offset="4760" sl="420" sc="13" el="420" ec="65" bec="0" bev="0" fileid="1" />
                <SequencePoint vc="1" uspid="278" ordinal="266" offset="4781" sl="421" sc="13" el="421" ec="41" bec="0" bev="0" fileid="1" />
                <SequencePoint vc="1" uspid="279" ordinal="267" offset="4795" sl="422" sc="13" el="422" ec="41" bec="0" bev="0" fileid="1" />
                <SequencePoint vc="1" uspid="280" ordinal="268" offset="4812" sl="426" sc="13" el="426" ec="52" bec="0" bev="0" fileid="1" />
                <SequencePoint vc="1" uspid="281" ordinal="269" offset="4835" sl="427" sc="13" el="427" ec="52" bec="0" bev="0" fileid="1" />
                <SequencePoint vc="1" uspid="282" ordinal="270" offset="4858" sl="428" sc="13" el="428" ec="53" bec="0" bev="0" fileid="1" />
                <SequencePoint vc="1" uspid="283" ordinal="271" offset="4881" sl="429" sc="13" el="429" ec="53" bec="0" bev="0" fileid="1" />
                <SequencePoint vc="1" uspid="284" ordinal="272" offset="4904" sl="430" sc="13" el="430" ec="51" bec="0" bev="0" fileid="1" />
                <SequencePoint vc="1" uspid="285" ordinal="273" offset="4927" sl="431" sc="13" el="431" ec="52" bec="0" bev="0" fileid="1" />
                <SequencePoint vc="1" uspid="286" ordinal="274" offset="4950" sl="432" sc="13" el="432" ec="56" bec="0" bev="0" fileid="1" />
                <SequencePoint vc="1" uspid="287" ordinal="275" offset="4973" sl="433" sc="13" el="433" ec="57" bec="0" bev="0" fileid="1" />
                <SequencePoint vc="1" uspid="288" ordinal="276" offset="4996" sl="434" sc="13" el="434" ec="52" bec="0" bev="0" fileid="1" />
                <SequencePoint vc="1" uspid="289" ordinal="277" offset="5019" sl="435" sc="13" el="435" ec="52" bec="0" bev="0" fileid="1" />
                <SequencePoint vc="1" uspid="290" ordinal="278" offset="5042" sl="436" sc="13" el="436" ec="54" bec="0" bev="0" fileid="1" />
                <SequencePoint vc="1" uspid="291" ordinal="279" offset="5065" sl="437" sc="13" el="437" ec="54" bec="0" bev="0" fileid="1" />
                <SequencePoint vc="1" uspid="292" ordinal="280" offset="5088" sl="438" sc="13" el="438" ec="70" bec="0" bev="0" fileid="1" />
                <SequencePoint vc="1" uspid="293" ordinal="281" offset="5112" sl="439" sc="13" el="439" ec="41" bec="0" bev="0" fileid="1" />
                <SequencePoint vc="1" uspid="294" ordinal="282" offset="5129" sl="440" sc="13" el="440" ec="66" bec="0" bev="0" fileid="1" />
                <SequencePoint vc="1" uspid="295" ordinal="283" offset="5156" sl="441" sc="13" el="441" ec="40" bec="0" bev="0" fileid="1" />
                <SequencePoint vc="1" uspid="296" ordinal="284" offset="5170" sl="445" sc="13" el="445" ec="42" bec="0" bev="0" fileid="1" />
                <SequencePoint vc="1" uspid="297" ordinal="285" offset="5183" sl="446" sc="13" el="446" ec="71" bec="0" bev="0" fileid="1" />
                <SequencePoint vc="1" uspid="298" ordinal="286" offset="5207" sl="447" sc="13" el="447" ec="43" bec="0" bev="0" fileid="1" />
                <SequencePoint vc="1" uspid="299" ordinal="287" offset="5224" sl="448" sc="13" el="448" ec="66" bec="0" bev="0" fileid="1" />
                <SequencePoint vc="1" uspid="300" ordinal="288" offset="5248" sl="449" sc="13" el="449" ec="41" bec="0" bev="0" fileid="1" />
                <SequencePoint vc="1" uspid="301" ordinal="289" offset="5262" sl="450" sc="13" el="450" ec="85" bec="0" bev="0" fileid="1" />
                <SequencePoint vc="1" uspid="302" ordinal="290" offset="5279" sl="454" sc="13" el="454" ec="42" bec="0" bev="0" fileid="1" />
                <SequencePoint vc="1" uspid="303" ordinal="291" offset="5292" sl="455" sc="13" el="455" ec="170" bec="0" bev="0" fileid="1" />
                <SequencePoint vc="1" uspid="304" ordinal="292" offset="5322" sl="456" sc="13" el="456" ec="69" bec="0" bev="0" fileid="1" />
                <SequencePoint vc="1" uspid="305" ordinal="293" offset="5342" sl="457" sc="13" el="457" ec="43" bec="0" bev="0" fileid="1" />
                <SequencePoint vc="1" uspid="306" ordinal="294" offset="5359" sl="458" sc="13" el="458" ec="65" bec="0" bev="0" fileid="1" />
                <SequencePoint vc="1" uspid="307" ordinal="295" offset="5380" sl="459" sc="13" el="459" ec="41" bec="0" bev="0" fileid="1" />
                <SequencePoint vc="1" uspid="308" ordinal="296" offset="5394" sl="460" sc="13" el="460" ec="41" bec="0" bev="0" fileid="1" />
                <SequencePoint vc="1" uspid="309" ordinal="297" offset="5411" sl="464" sc="13" el="464" ec="72" bec="0" bev="0" fileid="1" />
                <SequencePoint vc="1" uspid="310" ordinal="298" offset="5432" sl="465" sc="13" el="465" ec="45" bec="0" bev="0" fileid="1" />
                <SequencePoint vc="1" uspid="311" ordinal="299" offset="5449" sl="466" sc="13" el="466" ec="43" bec="0" bev="0" fileid="1" />
                <SequencePoint vc="1" uspid="312" ordinal="300" offset="5462" sl="467" sc="13" el="467" ec="66" bec="0" bev="0" fileid="1" />
                <SequencePoint vc="1" uspid="313" ordinal="301" offset="5483" sl="468" sc="13" el="468" ec="42" bec="0" bev="0" fileid="1" />
                <SequencePoint vc="1" uspid="314" ordinal="302" offset="5497" sl="472" sc="13" el="472" ec="63" bec="0" bev="0" fileid="1" />
                <SequencePoint vc="1" uspid="315" ordinal="303" offset="5520" sl="473" sc="13" el="473" ec="52" bec="0" bev="0" fileid="1" />
                <SequencePoint vc="1" uspid="316" ordinal="304" offset="5543" sl="474" sc="13" el="474" ec="51" bec="0" bev="0" fileid="1" />
                <SequencePoint vc="1" uspid="317" ordinal="305" offset="5566" sl="475" sc="13" el="475" ec="54" bec="0" bev="0" fileid="1" />
                <SequencePoint vc="1" uspid="318" ordinal="306" offset="5589" sl="476" sc="13" el="476" ec="70" bec="0" bev="0" fileid="1" />
                <SequencePoint vc="1" uspid="319" ordinal="307" offset="5613" sl="477" sc="13" el="477" ec="41" bec="0" bev="0" fileid="1" />
                <SequencePoint vc="1" uspid="320" ordinal="308" offset="5630" sl="478" sc="13" el="478" ec="66" bec="0" bev="0" fileid="1" />
                <SequencePoint vc="1" uspid="321" ordinal="309" offset="5657" sl="479" sc="13" el="479" ec="40" bec="0" bev="0" fileid="1" />
                <SequencePoint vc="1" uspid="322" ordinal="310" offset="5671" sl="483" sc="13" el="483" ec="51" bec="0" bev="0" fileid="1" />
                <SequencePoint vc="1" uspid="323" ordinal="311" offset="5684" sl="484" sc="13" el="484" ec="81" bec="0" bev="0" fileid="1" />
                <SequencePoint vc="1" uspid="324" ordinal="312" offset="5711" sl="485" sc="13" el="485" ec="61" bec="0" bev="0" fileid="1" />
                <SequencePoint vc="1" uspid="325" ordinal="313" offset="5728" sl="486" sc="13" el="486" ec="74" bec="0" bev="0" fileid="1" />
                <SequencePoint vc="1" uspid="326" ordinal="314" offset="5749" sl="487" sc="13" el="487" ec="50" bec="0" bev="0" fileid="1" />
                <SequencePoint vc="1" uspid="327" ordinal="315" offset="5763" sl="488" sc="13" el="488" ec="60" bec="0" bev="0" fileid="1" />
                <SequencePoint vc="1" uspid="328" ordinal="316" offset="5780" sl="492" sc="13" el="492" ec="74" bec="0" bev="0" fileid="1" />
                <SequencePoint vc="1" uspid="329" ordinal="317" offset="5802" sl="493" sc="13" el="493" ec="74" bec="0" bev="0" fileid="1" />
                <SequencePoint vc="1" uspid="330" ordinal="318" offset="5810" sl="494" sc="13" el="494" ec="65" bec="0" bev="0" fileid="1" />
                <SequencePoint vc="1" uspid="331" ordinal="319" offset="5832" sl="495" sc="13" el="495" ec="54" bec="0" bev="0" fileid="1" />
                <SequencePoint vc="1" uspid="332" ordinal="320" offset="5850" sl="496" sc="13" el="496" ec="44" bec="0" bev="0" fileid="1" />
                <SequencePoint vc="1" uspid="333" ordinal="321" offset="5868" sl="497" sc="13" el="497" ec="44" bec="0" bev="0" fileid="1" />
                <SequencePoint vc="1" uspid="334" ordinal="322" offset="5886" sl="498" sc="13" el="498" ec="45" bec="0" bev="0" fileid="1" />
                <SequencePoint vc="1" uspid="335" ordinal="323" offset="5904" sl="499" sc="13" el="499" ec="48" bec="0" bev="0" fileid="1" />
                <SequencePoint vc="1" uspid="336" ordinal="324" offset="5922" sl="500" sc="13" el="500" ec="57" bec="0" bev="0" fileid="1" />
                <SequencePoint vc="1" uspid="337" ordinal="325" offset="5940" sl="501" sc="13" el="501" ec="48" bec="0" bev="0" fileid="1" />
                <SequencePoint vc="1" uspid="338" ordinal="326" offset="5958" sl="502" sc="13" el="502" ec="53" bec="0" bev="0" fileid="1" />
                <SequencePoint vc="1" uspid="339" ordinal="327" offset="5976" sl="503" sc="13" el="503" ec="51" bec="0" bev="0" fileid="1" />
                <SequencePoint vc="1" uspid="340" ordinal="328" offset="5994" sl="504" sc="13" el="504" ec="45" bec="0" bev="0" fileid="1" />
                <SequencePoint vc="1" uspid="341" ordinal="329" offset="6012" sl="505" sc="13" el="505" ec="45" bec="0" bev="0" fileid="1" />
                <SequencePoint vc="1" uspid="342" ordinal="330" offset="6030" sl="506" sc="13" el="506" ec="45" bec="0" bev="0" fileid="1" />
                <SequencePoint vc="1" uspid="343" ordinal="331" offset="6048" sl="507" sc="13" el="507" ec="45" bec="0" bev="0" fileid="1" />
                <SequencePoint vc="1" uspid="344" ordinal="332" offset="6066" sl="508" sc="13" el="508" ec="44" bec="0" bev="0" fileid="1" />
                <SequencePoint vc="1" uspid="345" ordinal="333" offset="6084" sl="509" sc="13" el="509" ec="57" bec="0" bev="0" fileid="1" />
                <SequencePoint vc="1" uspid="346" ordinal="334" offset="6102" sl="510" sc="13" el="510" ec="44" bec="0" bev="0" fileid="1" />
                <SequencePoint vc="1" uspid="347" ordinal="335" offset="6120" sl="511" sc="13" el="511" ec="55" bec="0" bev="0" fileid="1" />
                <SequencePoint vc="1" uspid="348" ordinal="336" offset="6138" sl="512" sc="13" el="512" ec="44" bec="0" bev="0" fileid="1" />
                <SequencePoint vc="1" uspid="349" ordinal="337" offset="6156" sl="513" sc="13" el="513" ec="52" bec="0" bev="0" fileid="1" />
                <SequencePoint vc="1" uspid="350" ordinal="338" offset="6174" sl="514" sc="13" el="514" ec="55" bec="0" bev="0" fileid="1" />
                <SequencePoint vc="1" uspid="351" ordinal="339" offset="6192" sl="515" sc="13" el="515" ec="44" bec="0" bev="0" fileid="1" />
                <SequencePoint vc="1" uspid="352" ordinal="340" offset="6210" sl="516" sc="13" el="516" ec="44" bec="0" bev="0" fileid="1" />
                <SequencePoint vc="1" uspid="353" ordinal="341" offset="6228" sl="517" sc="13" el="517" ec="47" bec="0" bev="0" fileid="1" />
                <SequencePoint vc="1" uspid="354" ordinal="342" offset="6246" sl="518" sc="13" el="518" ec="53" bec="0" bev="0" fileid="1" />
                <SequencePoint vc="1" uspid="355" ordinal="343" offset="6264" sl="519" sc="13" el="519" ec="44" bec="0" bev="0" fileid="1" />
                <SequencePoint vc="1" uspid="356" ordinal="344" offset="6282" sl="520" sc="13" el="520" ec="44" bec="0" bev="0" fileid="1" />
                <SequencePoint vc="1" uspid="357" ordinal="345" offset="6300" sl="521" sc="13" el="521" ec="38" bec="0" bev="0" fileid="1" />
                <SequencePoint vc="1" uspid="358" ordinal="346" offset="6312" sl="522" sc="13" el="522" ec="38" bec="0" bev="0" fileid="1" />
                <SequencePoint vc="1" uspid="359" ordinal="347" offset="6324" sl="523" sc="13" el="523" ec="72" bec="0" bev="0" fileid="1" />
                <SequencePoint vc="1" uspid="360" ordinal="348" offset="6343" sl="524" sc="13" el="524" ec="45" bec="0" bev="0" fileid="1" />
                <SequencePoint vc="1" uspid="361" ordinal="349" offset="6356" sl="525" sc="13" el="525" ec="41" bec="0" bev="0" fileid="1" />
                <SequencePoint vc="1" uspid="362" ordinal="350" offset="6368" sl="526" sc="13" el="526" ec="45" bec="0" bev="0" fileid="1" />
                <SequencePoint vc="1" uspid="363" ordinal="351" offset="6381" sl="527" sc="13" el="527" ec="41" bec="0" bev="0" fileid="1" />
                <SequencePoint vc="1" uspid="364" ordinal="352" offset="6393" sl="528" sc="13" el="528" ec="38" bec="0" bev="0" fileid="1" />
                <SequencePoint vc="1" uspid="365" ordinal="353" offset="6401" sl="529" sc="13" el="529" ec="34" bec="0" bev="0" fileid="1" />
                <SequencePoint vc="1" uspid="366" ordinal="354" offset="6408" sl="531" sc="9" el="531" ec="10" bec="0" bev="0" fileid="1" />
              </SequencePoints>
              <BranchPoints />
              <MethodPoint xsi:type="SequencePoint" vc="1" uspid="12" ordinal="0" offset="0" sl="30" sc="9" el="30" ec="10" bec="0" bev="0" fileid="1" />
            </Method>
            <Method visited="true" cyclomaticComplexity="1" nPathComplexity="0" sequenceCoverage="100" branchCoverage="100" isConstructor="true" isStatic="false" isGetter="false" isSetter="false">
              <Summary numSequencePoints="9" visitedSequencePoints="9" numBranchPoints="1" visitedBranchPoints="1" sequenceCoverage="100" branchCoverage="100" maxCyclomaticComplexity="1" minCyclomaticComplexity="1" visitedClasses="0" numClasses="0" visitedMethods="1" numMethods="1" />
              <MetadataToken>100663299</MetadataToken>
              <Name>System.Void fmrent.fmRentBike::.ctor()</Name>
              <FileRef uid="1" />
              <SequencePoints>
                <SequencePoint vc="1" uspid="367" ordinal="0" offset="0" sl="8" sc="9" el="8" ec="68" bec="0" bev="0" fileid="1" />
                <SequencePoint vc="1" uspid="368" ordinal="1" offset="7" sl="17" sc="9" el="17" ec="28" bec="0" bev="0" fileid="2" />
                <SequencePoint vc="1" uspid="369" ordinal="2" offset="14" sl="18" sc="9" el="18" ec="10" bec="0" bev="0" fileid="2" />
                <SequencePoint vc="1" uspid="370" ordinal="3" offset="15" sl="19" sc="13" el="19" ec="35" bec="0" bev="0" fileid="2" />
                <SequencePoint vc="1" uspid="371" ordinal="4" offset="22" sl="20" sc="13" el="20" ec="39" bec="0" bev="0" fileid="2" />
                <SequencePoint vc="1" uspid="372" ordinal="5" offset="33" sl="22" sc="13" el="22" ec="42" bec="0" bev="0" fileid="2" />
                <SequencePoint vc="1" uspid="373" ordinal="6" offset="46" sl="23" sc="13" el="23" ec="65" bec="0" bev="0" fileid="2" />
                <SequencePoint vc="1" uspid="374" ordinal="7" offset="79" sl="24" sc="13" el="24" ec="73" bec="0" bev="0" fileid="2" />
                <SequencePoint vc="1" uspid="375" ordinal="8" offset="114" sl="28" sc="9" el="28" ec="10" bec="0" bev="0" fileid="2" />
              </SequencePoints>
              <BranchPoints />
              <MethodPoint xsi:type="SequencePoint" vc="1" uspid="367" ordinal="0" offset="0" sl="8" sc="9" el="8" ec="68" bec="0" bev="0" fileid="1" />
            </Method>
            <Method visited="true" cyclomaticComplexity="2" nPathComplexity="2" sequenceCoverage="100" branchCoverage="100" isConstructor="false" isStatic="false" isGetter="false" isSetter="false">
              <Summary numSequencePoints="12" visitedSequencePoints="12" numBranchPoints="3" visitedBranchPoints="3" sequenceCoverage="100" branchCoverage="100" maxCyclomaticComplexity="2" minCyclomaticComplexity="2" visitedClasses="0" numClasses="0" visitedMethods="1" numMethods="1" />
              <MetadataToken>100663300</MetadataToken>
              <Name>System.Void fmrent.fmRentBike::Rentarbtn_Click(System.Object,System.EventArgs)</Name>
              <FileRef uid="2" />
              <SequencePoints>
                <SequencePoint vc="8" uspid="376" ordinal="0" offset="0" sl="33" sc="9" el="33" ec="10" bec="0" bev="0" fileid="2" />
                <SequencePoint vc="8" uspid="377" ordinal="1" offset="1" sl="34" sc="18" el="34" ec="26" bec="0" bev="0" fileid="2" />
                <SequencePoint vc="21" uspid="378" ordinal="2" offset="8" sl="36" sc="13" el="36" ec="14" bec="0" bev="0" fileid="2" />
                <SequencePoint vc="21" uspid="379" ordinal="3" offset="9" sl="38" sc="17" el="38" ec="194" bec="0" bev="0" fileid="2" />
                <SequencePoint vc="21" uspid="380" ordinal="4" offset="93" sl="39" sc="17" el="39" ec="48" bec="0" bev="0" fileid="2" />
                <SequencePoint vc="21" uspid="381" ordinal="5" offset="106" sl="40" sc="17" el="40" ec="80" bec="0" bev="0" fileid="2" />
                <SequencePoint vc="21" uspid="382" ordinal="6" offset="129" sl="41" sc="17" el="41" ec="31" bec="0" bev="0" fileid="2" />
                <SequencePoint vc="21" uspid="383" ordinal="7" offset="136" sl="42" sc="13" el="42" ec="14" bec="0" bev="0" fileid="2" />
                <SequencePoint vc="21" uspid="384" ordinal="8" offset="137" sl="34" sc="60" el="34" ec="63" bec="0" bev="0" fileid="2" />
                <SequencePoint vc="29" uspid="385" ordinal="9" offset="141" sl="34" sc="27" el="34" ec="58" bec="2" bev="2" fileid="2" />
                <SequencePoint vc="8" uspid="386" ordinal="10" offset="167" sl="44" sc="13" el="44" ec="100" bec="0" bev="0" fileid="2" />
                <SequencePoint vc="8" uspid="387" ordinal="11" offset="208" sl="46" sc="9" el="46" ec="10" bec="0" bev="0" fileid="2" />
              </SequencePoints>
              <BranchPoints>
                <BranchPoint vc="8" uspid="388" ordinal="0" offset="162" sl="34" path="0" offsetend="167" fileid="2" />
                <BranchPoint vc="21" uspid="389" ordinal="1" offset="162" sl="34" path="1" offsetend="8" fileid="2" />
              </BranchPoints>
              <MethodPoint xsi:type="SequencePoint" vc="8" uspid="376" ordinal="0" offset="0" sl="33" sc="9" el="33" ec="10" bec="0" bev="0" fileid="2" />
            </Method>
            <Method visited="true" cyclomaticComplexity="1" nPathComplexity="0" sequenceCoverage="100" branchCoverage="100" isConstructor="false" isStatic="false" isGetter="false" isSetter="false">
              <Summary numSequencePoints="5" visitedSequencePoints="5" numBranchPoints="1" visitedBranchPoints="1" sequenceCoverage="100" branchCoverage="100" maxCyclomaticComplexity="1" minCyclomaticComplexity="1" visitedClasses="0" numClasses="0" visitedMethods="1" numMethods="1" />
              <MetadataToken>100663301</MetadataToken>
              <Name>System.Void fmrent.fmRentBike::button1_Click(System.Object,System.EventArgs)</Name>
              <FileRef uid="2" />
              <SequencePoints>
                <SequencePoint vc="2" uspid="390" ordinal="0" offset="0" sl="49" sc="9" el="49" ec="10" bec="0" bev="0" fileid="2" />
                <SequencePoint vc="2" uspid="391" ordinal="1" offset="1" sl="50" sc="13" el="50" ec="33" bec="0" bev="0" fileid="2" />
                <SequencePoint vc="2" uspid="392" ordinal="2" offset="18" sl="52" sc="13" el="52" ec="161" bec="0" bev="0" fileid="2" />
                <SequencePoint vc="2" uspid="393" ordinal="3" offset="85" sl="53" sc="13" el="53" ec="71" bec="0" bev="0" fileid="2" />
                <SequencePoint vc="2" uspid="394" ordinal="4" offset="108" sl="55" sc="9" el="55" ec="10" bec="0" bev="0" fileid="2" />
              </SequencePoints>
              <BranchPoints />
              <MethodPoint xsi:type="SequencePoint" vc="2" uspid="390" ordinal="0" offset="0" sl="49" sc="9" el="49" ec="10" bec="0" bev="0" fileid="2" />
            </Method>
            <Method visited="true" cyclomaticComplexity="1" nPathComplexity="0" sequenceCoverage="100" branchCoverage="100" isConstructor="false" isStatic="false" isGetter="false" isSetter="false">
              <Summary numSequencePoints="9" visitedSequencePoints="9" numBranchPoints="1" visitedBranchPoints="1" sequenceCoverage="100" branchCoverage="100" maxCyclomaticComplexity="1" minCyclomaticComplexity="1" visitedClasses="0" numClasses="0" visitedMethods="1" numMethods="1" />
              <MetadataToken>100663302</MetadataToken>
              <Name>System.Void fmrent.fmRentBike::ponerprecio()</Name>
              <FileRef uid="2" />
              <SequencePoints>
                <SequencePoint vc="21" uspid="395" ordinal="0" offset="0" sl="58" sc="9" el="58" ec="10" bec="0" bev="0" fileid="2" />
                <SequencePoint vc="21" uspid="396" ordinal="1" offset="1" sl="61" sc="13" el="61" ec="241" bec="0" bev="0" fileid="2" />
                <SequencePoint vc="21" uspid="397" ordinal="2" offset="95" sl="62" sc="13" el="62" ec="52" bec="0" bev="0" fileid="2" />
                <SequencePoint vc="21" uspid="398" ordinal="3" offset="118" sl="63" sc="13" el="63" ec="67" bec="0" bev="0" fileid="2" />
                <SequencePoint vc="21" uspid="399" ordinal="4" offset="149" sl="64" sc="13" el="64" ec="70" bec="0" bev="0" fileid="2" />
                <SequencePoint vc="21" uspid="400" ordinal="5" offset="185" sl="66" sc="13" el="66" ec="212" bec="0" bev="0" fileid="2" />
                <SequencePoint vc="21" uspid="401" ordinal="6" offset="282" sl="70" sc="13" el="70" ec="73" bec="0" bev="0" fileid="2" />
                <SequencePoint vc="21" uspid="402" ordinal="7" offset="313" sl="71" sc="13" el="71" ec="46" bec="0" bev="0" fileid="2" />
                <SequencePoint vc="21" uspid="403" ordinal="8" offset="332" sl="75" sc="9" el="75" ec="10" bec="0" bev="0" fileid="2" />
              </SequencePoints>
              <BranchPoints />
              <MethodPoint xsi:type="SequencePoint" vc="21" uspid="395" ordinal="0" offset="0" sl="58" sc="9" el="58" ec="10" bec="0" bev="0" fileid="2" />
            </Method>
            <Method visited="true" cyclomaticComplexity="1" nPathComplexity="0" sequenceCoverage="100" branchCoverage="100" isConstructor="false" isStatic="false" isGetter="false" isSetter="false">
              <Summary numSequencePoints="2" visitedSequencePoints="2" numBranchPoints="1" visitedBranchPoints="1" sequenceCoverage="100" branchCoverage="100" maxCyclomaticComplexity="1" minCyclomaticComplexity="1" visitedClasses="0" numClasses="0" visitedMethods="1" numMethods="1" />
              <MetadataToken>100663303</MetadataToken>
              <Name>System.Void fmrent.fmRentBike::preciotxt_TextChanged(System.Object,System.EventArgs)</Name>
              <FileRef uid="2" />
              <SequencePoints>
                <SequencePoint vc="6" uspid="404" ordinal="0" offset="0" sl="78" sc="9" el="78" ec="10" bec="0" bev="0" fileid="2" />
                <SequencePoint vc="6" uspid="405" ordinal="1" offset="1" sl="80" sc="9" el="80" ec="10" bec="0" bev="0" fileid="2" />
              </SequencePoints>
              <BranchPoints />
              <MethodPoint xsi:type="SequencePoint" vc="6" uspid="404" ordinal="0" offset="0" sl="78" sc="9" el="78" ec="10" bec="0" bev="0" fileid="2" />
            </Method>
            <Method visited="true" cyclomaticComplexity="1" nPathComplexity="0" sequenceCoverage="100" branchCoverage="100" isConstructor="false" isStatic="false" isGetter="false" isSetter="false">
              <Summary numSequencePoints="2" visitedSequencePoints="2" numBranchPoints="1" visitedBranchPoints="1" sequenceCoverage="100" branchCoverage="100" maxCyclomaticComplexity="1" minCyclomaticComplexity="1" visitedClasses="0" numClasses="0" visitedMethods="1" numMethods="1" />
              <MetadataToken>100663304</MetadataToken>
              <Name>System.Void fmrent.fmRentBike::fmRentBike_Load(System.Object,System.EventArgs)</Name>
              <FileRef uid="2" />
              <SequencePoints>
                <SequencePoint vc="1" uspid="406" ordinal="0" offset="0" sl="83" sc="9" el="83" ec="10" bec="0" bev="0" fileid="2" />
                <SequencePoint vc="1" uspid="407" ordinal="1" offset="1" sl="85" sc="9" el="85" ec="10" bec="0" bev="0" fileid="2" />
              </SequencePoints>
              <BranchPoints />
              <MethodPoint xsi:type="SequencePoint" vc="1" uspid="406" ordinal="0" offset="0" sl="83" sc="9" el="83" ec="10" bec="0" bev="0" fileid="2" />
            </Method>
          </Methods>
        </Class>
        <Class>
          <Summary numSequencePoints="10" visitedSequencePoints="7" numBranchPoints="3" visitedBranchPoints="2" sequenceCoverage="70" branchCoverage="66.67" maxCyclomaticComplexity="1" minCyclomaticComplexity="1" visitedClasses="1" numClasses="1" visitedMethods="2" numMethods="3" />
          <FullName>fmrent.Bike</FullName>
          <Methods>
            <Method visited="true" cyclomaticComplexity="1" nPathComplexity="0" sequenceCoverage="100" branchCoverage="100" isConstructor="true" isStatic="false" isGetter="false" isSetter="false">
              <Summary numSequencePoints="4" visitedSequencePoints="4" numBranchPoints="1" visitedBranchPoints="1" sequenceCoverage="100" branchCoverage="100" maxCyclomaticComplexity="1" minCyclomaticComplexity="1" visitedClasses="0" numClasses="0" visitedMethods="1" numMethods="1" />
              <MetadataToken>100663305</MetadataToken>
              <Name>System.Void fmrent.Bike::.ctor(System.String)</Name>
              <FileRef uid="3" />
              <SequencePoints>
                <SequencePoint vc="16" uspid="408" ordinal="0" offset="0" sl="11" sc="9" el="11" ec="34" bec="0" bev="0" fileid="3" />
                <SequencePoint vc="16" uspid="409" ordinal="1" offset="7" sl="11" sc="34" el="11" ec="35" bec="0" bev="0" fileid="3" />
                <SequencePoint vc="16" uspid="410" ordinal="2" offset="8" sl="13" sc="13" el="13" ec="32" bec="0" bev="0" fileid="3" />
                <SequencePoint vc="16" uspid="411" ordinal="3" offset="15" sl="16" sc="9" el="16" ec="10" bec="0" bev="0" fileid="3" />
              </SequencePoints>
              <BranchPoints />
              <MethodPoint xsi:type="SequencePoint" vc="16" uspid="408" ordinal="0" offset="0" sl="11" sc="9" el="11" ec="34" bec="0" bev="0" fileid="3" />
            </Method>
            <Method visited="true" cyclomaticComplexity="1" nPathComplexity="0" sequenceCoverage="100" branchCoverage="100" isConstructor="false" isStatic="false" isGetter="false" isSetter="false">
              <Summary numSequencePoints="3" visitedSequencePoints="3" numBranchPoints="1" visitedBranchPoints="1" sequenceCoverage="100" branchCoverage="100" maxCyclomaticComplexity="1" minCyclomaticComplexity="1" visitedClasses="0" numClasses="0" visitedMethods="1" numMethods="1" />
              <MetadataToken>100663306</MetadataToken>
              <Name>System.String fmrent.Bike::getPlaca()</Name>
              <FileRef uid="3" />
              <SequencePoints>
                <SequencePoint vc="222" uspid="412" ordinal="0" offset="0" sl="18" sc="9" el="18" ec="10" bec="0" bev="0" fileid="3" />
                <SequencePoint vc="222" uspid="413" ordinal="1" offset="1" sl="19" sc="13" el="19" ec="26" bec="0" bev="0" fileid="3" />
                <SequencePoint vc="222" uspid="414" ordinal="2" offset="10" sl="20" sc="9" el="20" ec="10" bec="0" bev="0" fileid="3" />
              </SequencePoints>
              <BranchPoints />
              <MethodPoint xsi:type="SequencePoint" vc="222" uspid="412" ordinal="0" offset="0" sl="18" sc="9" el="18" ec="10" bec="0" bev="0" fileid="3" />
            </Method>
            <Method visited="false" cyclomaticComplexity="1" nPathComplexity="0" sequenceCoverage="0" branchCoverage="0" isConstructor="false" isStatic="false" isGetter="false" isSetter="false">
              <Summary numSequencePoints="3" visitedSequencePoints="0" numBranchPoints="1" visitedBranchPoints="0" sequenceCoverage="0" branchCoverage="0" maxCyclomaticComplexity="1" minCyclomaticComplexity="1" visitedClasses="0" numClasses="0" visitedMethods="0" numMethods="1" />
              <MetadataToken>100663307</MetadataToken>
              <Name>System.Void fmrent.Bike::setPlaca(System.String)</Name>
              <FileRef uid="3" />
              <SequencePoints>
                <SequencePoint vc="0" uspid="415" ordinal="0" offset="0" sl="23" sc="9" el="23" ec="10" bec="0" bev="0" fileid="3" />
                <SequencePoint vc="0" uspid="416" ordinal="1" offset="1" sl="24" sc="13" el="24" ec="32" bec="0" bev="0" fileid="3" />
                <SequencePoint vc="0" uspid="417" ordinal="2" offset="8" sl="25" sc="9" el="25" ec="10" bec="0" bev="0" fileid="3" />
              </SequencePoints>
              <BranchPoints />
              <MethodPoint xsi:type="SequencePoint" vc="0" uspid="415" ordinal="0" offset="0" sl="23" sc="9" el="23" ec="10" bec="0" bev="0" fileid="3" />
            </Method>
          </Methods>
        </Class>
        <Class>
          <Summary numSequencePoints="4" visitedSequencePoints="0" numBranchPoints="2" visitedBranchPoints="0" sequenceCoverage="0" branchCoverage="0" maxCyclomaticComplexity="1" minCyclomaticComplexity="1" visitedClasses="0" numClasses="1" visitedMethods="0" numMethods="2" />
          <FullName>fmrent.Properties.Settings</FullName>
          <Methods>
            <Method visited="false" cyclomaticComplexity="1" nPathComplexity="0" sequenceCoverage="0" branchCoverage="0" isConstructor="false" isStatic="true" isGetter="true" isSetter="false">
              <Summary numSequencePoints="3" visitedSequencePoints="0" numBranchPoints="1" visitedBranchPoints="0" sequenceCoverage="0" branchCoverage="0" maxCyclomaticComplexity="1" minCyclomaticComplexity="1" visitedClasses="0" numClasses="0" visitedMethods="0" numMethods="1" />
              <MetadataToken>100663308</MetadataToken>
              <Name>fmrent.Properties.Settings fmrent.Properties.Settings::get_Default()</Name>
              <FileRef uid="4" />
              <SequencePoints>
                <SequencePoint vc="0" uspid="418" ordinal="0" offset="0" sl="21" sc="17" el="21" ec="18" bec="0" bev="0" fileid="4" />
                <SequencePoint vc="0" uspid="419" ordinal="1" offset="1" sl="22" sc="17" el="22" ec="40" bec="0" bev="0" fileid="4" />
                <SequencePoint vc="0" uspid="420" ordinal="2" offset="9" sl="23" sc="13" el="23" ec="14" bec="0" bev="0" fileid="4" />
              </SequencePoints>
              <BranchPoints />
              <MethodPoint xsi:type="SequencePoint" vc="0" uspid="418" ordinal="0" offset="0" sl="21" sc="17" el="21" ec="18" bec="0" bev="0" fileid="4" />
            </Method>
            <Method visited="false" cyclomaticComplexity="1" nPathComplexity="0" sequenceCoverage="0" branchCoverage="0" isConstructor="true" isStatic="false" isGetter="false" isSetter="false">
              <Summary numSequencePoints="0" visitedSequencePoints="0" numBranchPoints="0" visitedBranchPoints="0" sequenceCoverage="0" branchCoverage="0" maxCyclomaticComplexity="1" minCyclomaticComplexity="1" visitedClasses="0" numClasses="0" visitedMethods="0" numMethods="0" />
              <MetadataToken>100663309</MetadataToken>
              <Name>System.Void fmrent.Properties.Settings::.ctor()</Name>
              <SequencePoints />
              <BranchPoints />
              <MethodPoint vc="0" uspid="421" ordinal="0" offset="0" />
            </Method>
            <Method visited="false" cyclomaticComplexity="1" nPathComplexity="0" sequenceCoverage="0" branchCoverage="0" isConstructor="true" isStatic="true" isGetter="false" isSetter="false">
              <Summary numSequencePoints="1" visitedSequencePoints="0" numBranchPoints="1" visitedBranchPoints="0" sequenceCoverage="0" branchCoverage="0" maxCyclomaticComplexity="1" minCyclomaticComplexity="1" visitedClasses="0" numClasses="0" visitedMethods="0" numMethods="1" />
              <MetadataToken>100663310</MetadataToken>
              <Name>System.Void fmrent.Properties.Settings::.cctor()</Name>
              <FileRef uid="4" />
              <SequencePoints>
                <SequencePoint vc="0" uspid="422" ordinal="0" offset="0" sl="18" sc="9" el="18" ec="147" bec="0" bev="0" fileid="4" />
              </SequencePoints>
              <BranchPoints />
              <MethodPoint xsi:type="SequencePoint" vc="0" uspid="422" ordinal="0" offset="0" sl="18" sc="9" el="18" ec="147" bec="0" bev="0" fileid="4" />
            </Method>
          </Methods>
        </Class>
        <Class>
          <Summary numSequencePoints="17" visitedSequencePoints="0" numBranchPoints="6" visitedBranchPoints="0" sequenceCoverage="0" branchCoverage="0" maxCyclomaticComplexity="2" minCyclomaticComplexity="1" visitedClasses="0" numClasses="1" visitedMethods="0" numMethods="4" />
          <FullName>fmrent.Properties.Resources</FullName>
          <Methods>
            <Method visited="false" cyclomaticComplexity="2" nPathComplexity="2" sequenceCoverage="0" branchCoverage="0" isConstructor="false" isStatic="true" isGetter="true" isSetter="false">
              <Summary numSequencePoints="8" visitedSequencePoints="0" numBranchPoints="3" visitedBranchPoints="0" sequenceCoverage="0" branchCoverage="0" maxCyclomaticComplexity="2" minCyclomaticComplexity="2" visitedClasses="0" numClasses="0" visitedMethods="0" numMethods="1" />
              <MetadataToken>100663312</MetadataToken>
              <Name>System.Resources.ResourceManager fmrent.Properties.Resources::get_ResourceManager()</Name>
              <FileRef uid="5" />
              <SequencePoints>
                <SequencePoint vc="0" uspid="423" ordinal="0" offset="0" sl="40" sc="17" el="40" ec="18" bec="0" bev="0" fileid="5" />
                <SequencePoint vc="0" uspid="424" ordinal="1" offset="1" sl="41" sc="17" el="41" ec="63" bec="2" bev="0" fileid="5" />
                <SequencePoint vc="0" uspid="425" ordinal="2" offset="19" sl="41" sc="64" el="41" ec="65" bec="0" bev="0" fileid="5" />
                <SequencePoint vc="0" uspid="426" ordinal="3" offset="20" sl="42" sc="21" el="42" ec="173" bec="0" bev="0" fileid="5" />
                <SequencePoint vc="0" uspid="427" ordinal="4" offset="46" sl="43" sc="21" el="43" ec="40" bec="0" bev="0" fileid="5" />
                <SequencePoint vc="0" uspid="428" ordinal="5" offset="52" sl="44" sc="17" el="44" ec="18" bec="0" bev="0" fileid="5" />
                <SequencePoint vc="0" uspid="429" ordinal="6" offset="53" sl="45" sc="17" el="45" ec="36" bec="0" bev="0" fileid="5" />
                <SequencePoint vc="0" uspid="430" ordinal="7" offset="61" sl="46" sc="13" el="46" ec="14" bec="0" bev="0" fileid="5" />
              </SequencePoints>
              <BranchPoints>
                <BranchPoint vc="0" uspid="431" ordinal="0" offset="17" sl="41" path="0" offsetend="19" fileid="5" />
                <BranchPoint vc="0" uspid="432" ordinal="1" offset="17" sl="41" path="1" offsetend="53" fileid="5" />
              </BranchPoints>
              <MethodPoint xsi:type="SequencePoint" vc="0" uspid="423" ordinal="0" offset="0" sl="40" sc="17" el="40" ec="18" bec="0" bev="0" fileid="5" />
            </Method>
            <Method visited="false" cyclomaticComplexity="1" nPathComplexity="0" sequenceCoverage="0" branchCoverage="0" isConstructor="false" isStatic="true" isGetter="true" isSetter="false">
              <Summary numSequencePoints="3" visitedSequencePoints="0" numBranchPoints="1" visitedBranchPoints="0" sequenceCoverage="0" branchCoverage="0" maxCyclomaticComplexity="1" minCyclomaticComplexity="1" visitedClasses="0" numClasses="0" visitedMethods="0" numMethods="1" />
              <MetadataToken>100663313</MetadataToken>
              <Name>System.Globalization.CultureInfo fmrent.Properties.Resources::get_Culture()</Name>
              <FileRef uid="5" />
              <SequencePoints>
                <SequencePoint vc="0" uspid="433" ordinal="0" offset="0" sl="55" sc="17" el="55" ec="18" bec="0" bev="0" fileid="5" />
                <SequencePoint vc="0" uspid="434" ordinal="1" offset="1" sl="56" sc="17" el="56" ec="40" bec="0" bev="0" fileid="5" />
                <SequencePoint vc="0" uspid="435" ordinal="2" offset="9" sl="57" sc="13" el="57" ec="14" bec="0" bev="0" fileid="5" />
              </SequencePoints>
              <BranchPoints />
              <MethodPoint xsi:type="SequencePoint" vc="0" uspid="433" ordinal="0" offset="0" sl="55" sc="17" el="55" ec="18" bec="0" bev="0" fileid="5" />
            </Method>
            <Method visited="false" cyclomaticComplexity="1" nPathComplexity="0" sequenceCoverage="0" branchCoverage="0" isConstructor="false" isStatic="true" isGetter="false" isSetter="true">
[...]
            <Method visited="true" cyclomaticComplexity="1" nPathComplexity="0" sequenceCoverage="100" branchCoverage="100" isConstructor="false" isStatic="false" isGetter="false" isSetter="false">
              <Summary numSequencePoints="3" visitedSequencePoints="3" numBranchPoints="1" visitedBranchPoints="1" sequenceCoverage="100" branchCoverage="100" maxCyclomaticComplexity="1" minCyclomaticComplexity="1" visitedClasses="0" numClasses="0" visitedMethods="1" numMethods="1" />
              <MetadataToken>100663365</MetadataToken>
              <Name>System.String fmrent.Alquiler::getTipo()</Name>
              <FileRef uid="7" />
              <SequencePoints>
                <SequencePoint vc="21" uspid="767" ordinal="0" offset="0" sl="320" sc="9" el="320" ec="10" bec="0" bev="0" fileid="7" />
                <SequencePoint vc="21" uspid="768" ordinal="1" offset="1" sl="321" sc="13" el="321" ec="25" bec="0" bev="0" fileid="7" />
                <SequencePoint vc="21" uspid="769" ordinal="2" offset="10" sl="322" sc="9" el="322" ec="10" bec="0" bev="0" fileid="7" />
              </SequencePoints>
              <BranchPoints />
              <MethodPoint xsi:type="SequencePoint" vc="21" uspid="767" ordinal="0" offset="0" sl="320" sc="9" el="320" ec="10" bec="0" bev="0" fileid="7" />
            </Method>
            <Method visited="false" cyclomaticComplexity="1" nPathComplexity="0" sequenceCoverage="0" branchCoverage="0" isConstructor="false" isStatic="false" isGetter="false" isSetter="false">
              <Summary numSequencePoints="3" visitedSequencePoints="0" numBranchPoints="1" visitedBranchPoints="0" sequenceCoverage="0" branchCoverage="0" maxCyclomaticComplexity="1" minCyclomaticComplexity="1" visitedClasses="0" numClasses="0" visitedMethods="0" numMethods="1" />
              <MetadataToken>100663366</MetadataToken>
              <Name>System.Void fmrent.Alquiler::setTipo(System.String)</Name>
              <FileRef uid="7" />
              <SequencePoints>
                <SequencePoint vc="0" uspid="770" ordinal="0" offset="0" sl="325" sc="9" el="325" ec="10" bec="0" bev="0" fileid="7" />
                <SequencePoint vc="0" uspid="771" ordinal="1" offset="1" sl="326" sc="13" el="326" ec="30" bec="0" bev="0" fileid="7" />
                <SequencePoint vc="0" uspid="772" ordinal="2" offset="8" sl="327" sc="9" el="327" ec="10" bec="0" bev="0" fileid="7" />
              </SequencePoints>
              <BranchPoints />
              <MethodPoint xsi:type="SequencePoint" vc="0" uspid="770" ordinal="0" offset="0" sl="325" sc="9" el="325" ec="10" bec="0" bev="0" fileid="7" />
            </Method>
            <Method visited="true" cyclomaticComplexity="1" nPathComplexity="0" sequenceCoverage="100" branchCoverage="100" isConstructor="false" isStatic="false" isGetter="false" isSetter="false">
              <Summary numSequencePoints="3" visitedSequencePoints="3" numBranchPoints="1" visitedBranchPoints="1" sequenceCoverage="100" branchCoverage="100" maxCyclomaticComplexity="1" minCyclomaticComplexity="1" visitedClasses="0" numClasses="0" visitedMethods="1" numMethods="1" />
              <MetadataToken>100663367</MetadataToken>
              <Name>System.Int32 fmrent.Alquiler::getTiempo()</Name>
              <FileRef uid="7" />
              <SequencePoints>
                <SequencePoint vc="21" uspid="773" ordinal="0" offset="0" sl="329" sc="9" el="329" ec="10" bec="0" bev="0" fileid="7" />
                <SequencePoint vc="21" uspid="774" ordinal="1" offset="1" sl="330" sc="13" el="330" ec="28" bec="0" bev="0" fileid="7" />
                <SequencePoint vc="21" uspid="775" ordinal="2" offset="10" sl="331" sc="9" el="331" ec="10" bec="0" bev="0" fileid="7" />
              </SequencePoints>
              <BranchPoints />
              <MethodPoint xsi:type="SequencePoint" vc="21" uspid="773" ordinal="0" offset="0" sl="329" sc="9" el="329" ec="10" bec="0" bev="0" fileid="7" />
            </Method>
            <Method visited="false" cyclomaticComplexity="1" nPathComplexity="0" sequenceCoverage="0" branchCoverage="0" isConstructor="false" isStatic="false" isGetter="false" isSetter="false">
              <Summary numSequencePoints="3" visitedSequencePoints="0" numBranchPoints="1" visitedBranchPoints="0" sequenceCoverage="0" branchCoverage="0" maxCyclomaticComplexity="1" minCyclomaticComplexity="1" visitedClasses="0" numClasses="0" visitedMethods="0" numMethods="1" />
              <MetadataToken>100663368</MetadataToken>
              <Name>System.Void fmrent.Alquiler::setTiempo(System.Int32)</Name>
              <FileRef uid="7" />
              <SequencePoints>
                <SequencePoint vc="0" uspid="776" ordinal="0" offset="0" sl="334" sc="9" el="334" ec="10" bec="0" bev="0" fileid="7" />
                <SequencePoint vc="0" uspid="777" ordinal="1" offset="1" sl="335" sc="13" el="335" ec="35" bec="0" bev="0" fileid="7" />
                <SequencePoint vc="0" uspid="778" ordinal="2" offset="8" sl="336" sc="9" el="336" ec="10" bec="0" bev="0" fileid="7" />
              </SequencePoints>
              <BranchPoints />
              <MethodPoint xsi:type="SequencePoint" vc="0" uspid="776" ordinal="0" offset="0" sl="334" sc="9" el="334" ec="10" bec="0" bev="0" fileid="7" />
            </Method>
            <Method visited="true" cyclomaticComplexity="1" nPathComplexity="0" sequenceCoverage="100" branchCoverage="100" isConstructor="false" isStatic="false" isGetter="false" isSetter="false">
              <Summary numSequencePoints="3" visitedSequencePoints="3" numBranchPoints="1" visitedBranchPoints="1" sequenceCoverage="100" branchCoverage="100" maxCyclomaticComplexity="1" minCyclomaticComplexity="1" visitedClasses="0" numClasses="0" visitedMethods="1" numMethods="1" />
              <MetadataToken>100663369</MetadataToken>
              <Name>System.Double fmrent.Alquiler::getDescuento()</Name>
              <FileRef uid="7" />
              <SequencePoints>
                <SequencePoint vc="21" uspid="779" ordinal="0" offset="0" sl="339" sc="9" el="339" ec="10" bec="0" bev="0" fileid="7" />
                <SequencePoint vc="21" uspid="780" ordinal="1" offset="1" sl="340" sc="13" el="340" ec="30" bec="0" bev="0" fileid="7" />
                <SequencePoint vc="21" uspid="781" ordinal="2" offset="10" sl="341" sc="9" el="341" ec="10" bec="0" bev="0" fileid="7" />
              </SequencePoints>
              <BranchPoints />
              <MethodPoint xsi:type="SequencePoint" vc="21" uspid="779" ordinal="0" offset="0" sl="339" sc="9" el="339" ec="10" bec="0" bev="0" fileid="7" />
            </Method>
            <Method visited="false" cyclomaticComplexity="1" nPathComplexity="0" sequenceCoverage="0" branchCoverage="0" isConstructor="false" isStatic="false" isGetter="false" isSetter="false">
              <Summary numSequencePoints="3" visitedSequencePoints="0" numBranchPoints="1" visitedBranchPoints="0" sequenceCoverage="0" branchCoverage="0" maxCyclomaticComplexity="1" minCyclomaticComplexity="1" visitedClasses="0" numClasses="0" visitedMethods="0" numMethods="1" />
              <MetadataToken>100663370</MetadataToken>
              <Name>System.Void fmrent.Alquiler::setDescuento(System.Int32)</Name>
              <FileRef uid="7" />
              <SequencePoints>
                <SequencePoint vc="0" uspid="782" ordinal="0" offset="0" sl="344" sc="9" el="344" ec="10" bec="0" bev="0" fileid="7" />
                <SequencePoint vc="0" uspid="783" ordinal="1" offset="1" sl="345" sc="13" el="345" ec="40" bec="0" bev="0" fileid="7" />
                <SequencePoint vc="0" uspid="784" ordinal="2" offset="9" sl="346" sc="9" el="346" ec="10" bec="0" bev="0" fileid="7" />
              </SequencePoints>
              <BranchPoints />
              <MethodPoint xsi:type="SequencePoint" vc="0" uspid="782" ordinal="0" offset="0" sl="344" sc="9" el="344" ec="10" bec="0" bev="0" fileid="7" />
            </Method>
          </Methods>
        </Class>
        <Class>
          <Summary numSequencePoints="17" visitedSequencePoints="8" numBranchPoints="5" visitedBranchPoints="2" sequenceCoverage="47.06" branchCoverage="40" maxCyclomaticComplexity="1" minCyclomaticComplexity="1" visitedClasses="1" numClasses="1" visitedMethods="2" numMethods="5" />
          <FullName>fmrent.Cliente</FullName>
          <Methods>
            <Method visited="true" cyclomaticComplexity="1" nPathComplexity="0" sequenceCoverage="100" branchCoverage="100" isConstructor="true" isStatic="false" isGetter="false" isSetter="false">
              <Summary numSequencePoints="5" visitedSequencePoints="5" numBranchPoints="1" visitedBranchPoints="1" sequenceCoverage="100" branchCoverage="100" maxCyclomaticComplexity="1" minCyclomaticComplexity="1" visitedClasses="0" numClasses="0" visitedMethods="1" numMethods="1" />
              <MetadataToken>100663371</MetadataToken>
              <Name>System.Void fmrent.Cliente::.ctor(System.String,System.String)</Name>
              <FileRef uid="8" />
              <SequencePoints>
                <SequencePoint vc="8" uspid="785" ordinal="0" offset="0" sl="13" sc="9" el="13" ec="53" bec="0" bev="0" fileid="8" />
                <SequencePoint vc="8" uspid="786" ordinal="1" offset="7" sl="14" sc="9" el="14" ec="10" bec="0" bev="0" fileid="8" />
                <SequencePoint vc="8" uspid="787" ordinal="2" offset="8" sl="15" sc="13" el="15" ec="34" bec="0" bev="0" fileid="8" />
                <SequencePoint vc="8" uspid="788" ordinal="3" offset="15" sl="16" sc="13" el="16" ec="32" bec="0" bev="0" fileid="8" />
                <SequencePoint vc="8" uspid="789" ordinal="4" offset="22" sl="17" sc="9" el="17" ec="10" bec="0" bev="0" fileid="8" />
              </SequencePoints>
              <BranchPoints />
              <MethodPoint xsi:type="SequencePoint" vc="8" uspid="785" ordinal="0" offset="0" sl="13" sc="9" el="13" ec="53" bec="0" bev="0" fileid="8" />
            </Method>
            <Method visited="true" cyclomaticComplexity="1" nPathComplexity="0" sequenceCoverage="100" branchCoverage="100" isConstructor="false" isStatic="false" isGetter="false" isSetter="false">
              <Summary numSequencePoints="3" visitedSequencePoints="3" numBranchPoints="1" visitedBranchPoints="1" sequenceCoverage="100" branchCoverage="100" maxCyclomaticComplexity="1" minCyclomaticComplexity="1" visitedClasses="0" numClasses="0" visitedMethods="1" numMethods="1" />
              <MetadataToken>100663372</MetadataToken>
              <Name>System.String fmrent.Cliente::getDni()</Name>
              <FileRef uid="8" />
              <SequencePoints>
                <SequencePoint vc="121" uspid="790" ordinal="0" offset="0" sl="20" sc="9" el="20" ec="10" bec="0" bev="0" fileid="8" />
                <SequencePoint vc="121" uspid="791" ordinal="1" offset="1" sl="21" sc="13" el="21" ec="27" bec="0" bev="0" fileid="8" />
                <SequencePoint vc="121" uspid="792" ordinal="2" offset="10" sl="22" sc="9" el="22" ec="10" bec="0" bev="0" fileid="8" />
              </SequencePoints>
              <BranchPoints />
              <MethodPoint xsi:type="SequencePoint" vc="121" uspid="790" ordinal="0" offset="0" sl="20" sc="9" el="20" ec="10" bec="0" bev="0" fileid="8" />
            </Method>
            <Method visited="false" cyclomaticComplexity="1" nPathComplexity="0" sequenceCoverage="0" branchCoverage="0" isConstructor="false" isStatic="false" isGetter="false" isSetter="false">
              <Summary numSequencePoints="3" visitedSequencePoints="0" numBranchPoints="1" visitedBranchPoints="0" sequenceCoverage="0" branchCoverage="0" maxCyclomaticComplexity="1" minCyclomaticComplexity="1" visitedClasses="0" numClasses="0" visitedMethods="0" numMethods="1" />
              <MetadataToken>100663373</MetadataToken>
              <Name>System.Void fmrent.Cliente::setDni(System.String)</Name>
              <FileRef uid="8" />
              <SequencePoints>
                <SequencePoint vc="0" uspid="793" ordinal="0" offset="0" sl="25" sc="9" el="25" ec="10" bec="0" bev="0" fileid="8" />
                <SequencePoint vc="0" uspid="794" ordinal="1" offset="1" sl="26" sc="13" el="26" ec="34" bec="0" bev="0" fileid="8" />
                <SequencePoint vc="0" uspid="795" ordinal="2" offset="8" sl="27" sc="9" el="27" ec="10" bec="0" bev="0" fileid="8" />
              </SequencePoints>
              <BranchPoints />
              <MethodPoint xsi:type="SequencePoint" vc="0" uspid="793" ordinal="0" offset="0" sl="25" sc="9" el="25" ec="10" bec="0" bev="0" fileid="8" />
            </Method>
            <Method visited="false" cyclomaticComplexity="1" nPathComplexity="0" sequenceCoverage="0" branchCoverage="0" isConstructor="false" isStatic="false" isGetter="false" isSetter="false">
              <Summary numSequencePoints="3" visitedSequencePoints="0" numBranchPoints="1" visitedBranchPoints="0" sequenceCoverage="0" branchCoverage="0" maxCyclomaticComplexity="1" minCyclomaticComplexity="1" visitedClasses="0" numClasses="0" visitedMethods="0" numMethods="1" />
              <MetadataToken>100663374</MetadataToken>
              <Name>System.String fmrent.Cliente::getNombre()</Name>
              <FileRef uid="8" />
              <SequencePoints>
                <SequencePoint vc="0" uspid="796" ordinal="0" offset="0" sl="30" sc="9" el="30" ec="10" bec="0" bev="0" fileid="8" />
                <SequencePoint vc="0" uspid="797" ordinal="1" offset="1" sl="31" sc="13" el="31" ec="27" bec="0" bev="0" fileid="8" />
                <SequencePoint vc="0" uspid="798" ordinal="2" offset="10" sl="32" sc="9" el="32" ec="10" bec="0" bev="0" fileid="8" />
              </SequencePoints>
              <BranchPoints />
              <MethodPoint xsi:type="SequencePoint" vc="0" uspid="796" ordinal="0" offset="0" sl="30" sc="9" el="30" ec="10" bec="0" bev="0" fileid="8" />
            </Method>
            <Method visited="false" cyclomaticComplexity="1" nPathComplexity="0" sequenceCoverage="0" branchCoverage="0" isConstructor="false" isStatic="false" isGetter="false" isSetter="false">
              <Summary numSequencePoints="3" visitedSequencePoints="0" numBranchPoints="1" visitedBranchPoints="0" sequenceCoverage="0" branchCoverage="0" maxCyclomaticComplexity="1" minCyclomaticComplexity="1" visitedClasses="0" numClasses="0" visitedMethods="0" numMethods="1" />
              <MetadataToken>100663375</MetadataToken>
              <Name>System.Void fmrent.Cliente::setNombre(System.String)</Name>
              <FileRef uid="8" />
              <SequencePoints>
                <SequencePoint vc="0" uspid="799" ordinal="0" offset="0" sl="35" sc="9" el="35" ec="10" bec="0" bev="0" fileid="8" />
                <SequencePoint vc="0" uspid="800" ordinal="1" offset="1" sl="36" sc="13" el="36" ec="34" bec="0" bev="0" fileid="8" />
                <SequencePoint vc="0" uspid="801" ordinal="2" offset="8" sl="37" sc="9" el="37" ec="10" bec="0" bev="0" fileid="8" />
              </SequencePoints>
              <BranchPoints />
              <MethodPoint xsi:type="SequencePoint" vc="0" uspid="799" ordinal="0" offset="0" sl="35" sc="9" el="35" ec="10" bec="0" bev="0" fileid="8" />
            </Method>
          </Methods>
        </Class>
        <Class>
          <Summary numSequencePoints="5" visitedSequencePoints="5" numBranchPoints="1" visitedBranchPoints="1" sequenceCoverage="100" branchCoverage="100" maxCyclomaticComplexity="1" minCyclomaticComplexity="1" visitedClasses="1" numClasses="1" visitedMethods="1" numMethods="1" />
          <FullName>fmrent.Program</FullName>
          <Methods>
            <Method visited="true" cyclomaticComplexity="1" nPathComplexity="0" sequenceCoverage="100" branchCoverage="100" isConstructor="false" isStatic="true" isGetter="false" isSetter="false">
              <Summary numSequencePoints="5" visitedSequencePoints="5" numBranchPoints="1" visitedBranchPoints="1" sequenceCoverage="100" branchCoverage="100" maxCyclomaticComplexity="1" minCyclomaticComplexity="1" visitedClasses="0" numClasses="0" visitedMethods="1" numMethods="1" />
              <MetadataToken>100663376</MetadataToken>
              <Name>System.Void fmrent.Program::Main()</Name>
              <FileRef uid="9" />
              <SequencePoints>
                <SequencePoint vc="1" uspid="802" ordinal="0" offset="0" sl="15" sc="9" el="15" ec="10" bec="0" bev="0" fileid="9" />
                <SequencePoint vc="1" uspid="803" ordinal="1" offset="1" sl="16" sc="13" el="16" ec="46" bec="0" bev="0" fileid="9" />
                <SequencePoint vc="1" uspid="804" ordinal="2" offset="7" sl="17" sc="13" el="17" ec="66" bec="0" bev="0" fileid="9" />
                <SequencePoint vc="1" uspid="805" ordinal="3" offset="14" sl="18" sc="13" el="18" ec="47" bec="0" bev="0" fileid="9" />
                <SequencePoint vc="1" uspid="806" ordinal="4" offset="25" sl="19" sc="21" el="19" ec="22" bec="0" bev="0" fileid="9" />
              </SequencePoints>
              <BranchPoints />
              <MethodPoint xsi:type="SequencePoint" vc="1" uspid="802" ordinal="0" offset="0" sl="15" sc="9" el="15" ec="10" bec="0" bev="0" fileid="9" />
            </Method>
          </Methods>
        </Class>
      </Classes>
    </Module>
    <Module skippedDueTo="Filter" hash="B5-68-8A-9C-1E-12-6A-5A-83-5D-C0-A0-7B-79-88-EF-88-C6-0E-96">
      <ModulePath>C:\WINDOWS\Microsoft.Net\assembly\GAC_MSIL\System.Windows.Forms\v4.0_4.0.0.0__b77a5c561934e089\System.Windows.Forms.dll</ModulePath>
      <ModuleTime>2017-09-02T01:45:24.4406225Z</ModuleTime>
      <ModuleName>System.Windows.Forms</ModuleName>
      <Classes />
    </Module>
    <Module skippedDueTo="Filter" hash="C8-98-52-CA-D9-96-CD-B5-71-37-87-EA-05-74-30-8B-36-C3-4A-5C">
      <ModulePath>C:\WINDOWS\Microsoft.Net\assembly\GAC_MSIL\System\v4.0_4.0.0.0__b77a5c561934e089\System.dll</ModulePath>
      <ModuleTime>2017-09-02T01:45:23.8311991Z</ModuleTime>
      <ModuleName>System</ModuleName>
      <Classes />
    </Module>
    <Module skippedDueTo="Filter" hash="C7-2C-D0-08-03-5D-C4-61-02-5E-63-CC-21-84-70-09-6E-D7-B7-B1">
      <ModulePath>C:\WINDOWS\Microsoft.Net\assembly\GAC_MSIL\System.Drawing\v4.0_4.0.0.0__b03f5f7f11d50a3a\System.Drawing.dll</ModulePath>
      <ModuleTime>2017-03-18T20:59:47.8222286Z</ModuleTime>
      <ModuleName>System.Drawing</ModuleName>
      <Classes />
    </Module>
    <Module skippedDueTo="Filter" hash="0C-91-60-C5-26-07-2E-2E-54-A1-8A-32-86-67-C5-B4-A5-93-05-F9">
      <ModulePath>C:\WINDOWS\Microsoft.Net\assembly\GAC_MSIL\System.Configuration\v4.0_4.0.0.0__b03f5f7f11d50a3a\System.Configuration.dll</ModulePath>
      <ModuleTime>2017-03-18T20:59:43.7281312Z</ModuleTime>
      <ModuleName>System.Configuration</ModuleName>
      <Classes />
    </Module>
    <Module skippedDueTo="Filter" hash="21-E4-90-B5-42-20-26-BA-49-19-94-C3-CA-93-44-7B-60-08-D7-1C">
      <ModulePath>C:\WINDOWS\Microsoft.Net\assembly\GAC_MSIL\System.Xml\v4.0_4.0.0.0__b77a5c561934e089\System.Xml.dll</ModulePath>
      <ModuleTime>2017-08-09T02:52:12.5301283Z</ModuleTime>
      <ModuleName>System.Xml</ModuleName>
      <Classes />
    </Module>
    <Module skippedDueTo="MissingPdb" hash="59-88-DA-06-88-C3-77-B6-6C-C2-FD-9B-D8-8B-69-C9-04-3E-3B-5E">
      <ModulePath>C:\WINDOWS\Microsoft.Net\assembly\GAC_MSIL\Accessibility\v4.0_4.0.0.0__b03f5f7f11d50a3a\Accessibility.dll</ModulePath>
      <ModuleTime>2017-03-18T20:59:44.1187897Z</ModuleTime>
      <ModuleName>Accessibility</ModuleName>
      <Classes />
    </Module>
    <Module skippedDueTo="Filter" hash="FC-67-9B-CB-82-CC-45-48-5F-F6-58-FB-C3-F9-4C-73-4E-0D-0D-E1">
      <ModulePath>C:\WINDOWS\Microsoft.Net\assembly\GAC_MSIL\mscorlib.resources\v4.0_4.0.0.0_es_b77a5c561934e089\mscorlib.resources.dll</ModulePath>
      <ModuleTime>2017-03-07T04:31:04Z</ModuleTime>
      <ModuleName>mscorlib.resources</ModuleName>
      <Classes />
    </Module>
  </Modules>
</CoverageSession>